{"event":"baccarat_round_settled","timestamp":"2026-03-05T19:50:36+00:00","payload":{"requestId":"smoke_1772740235","roundId":"afb42f850f990912c514439c","userId":"b422031ba3b7fba5080860bd","username":"casino_smoke_1772740235","wager":5,"totalReturn":5,"netResult":0,"balanceBefore":1000,"balanceAfter":1000,"result":"Tie"}}
{"event":"baccarat_round_idempotent","timestamp":"2026-03-05T19:50:36+00:00","payload":{"requestId":"smoke_1772740235","roundId":"afb42f850f990912c514439c","userId":"b422031ba3b7fba5080860bd","username":"casino_smoke_1772740235","idempotent":true}}
{"event":"baccarat_round_settled","timestamp":"2026-03-05T19:53:02+00:00","payload":{"requestId":"smoke_1772740381","roundId":"7727a351c3e116210850e720","userId":"65af64ddcde557170377edcd","username":"casino_smoke_1772740381","wager":5,"totalReturn":0,"netResult":-5,"balanceBefore":1000,"balanceAfter":995,"result":"Banker"}}
{"event":"baccarat_round_idempotent","timestamp":"2026-03-05T19:53:02+00:00","payload":{"requestId":"smoke_1772740381","roundId":"7727a351c3e116210850e720","userId":"65af64ddcde557170377edcd","username":"casino_smoke_1772740381","idempotent":true}}
{"event":"baccarat_round_settled","timestamp":"2026-03-05T19:53:54+00:00","payload":{"requestId":"smoke_1772740433","roundId":"93f5832fe0fddc367630327e","userId":"41f3efa442304d50defdfe8a","username":"casino_smoke_1772740433","wager":5,"totalReturn":10,"netResult":5,"balanceBefore":1000,"balanceAfter":1005,"result":"Player"}}
{"event":"baccarat_round_idempotent","timestamp":"2026-03-05T19:53:54+00:00","payload":{"requestId":"smoke_1772740433","roundId":"93f5832fe0fddc367630327e","userId":"41f3efa442304d50defdfe8a","username":"casino_smoke_1772740433","idempotent":true}}
{"event":"baccarat_round_settled","timestamp":"2026-03-05T19:55:32+00:00","payload":{"requestId":"smoke_1772740531","roundId":"aa7703f17ab561ddfcfafbe6","userId":"7aec1ba04c17d9e219c34383","username":"casino_smoke_1772740531","wager":5,"totalReturn":10,"netResult":5,"balanceBefore":1000,"balanceAfter":1005,"result":"Player"}}
{"event":"baccarat_round_idempotent","timestamp":"2026-03-05T19:55:32+00:00","payload":{"requestId":"smoke_1772740531","roundId":"aa7703f17ab561ddfcfafbe6","userId":"7aec1ba04c17d9e219c34383","username":"casino_smoke_1772740531","idempotent":true}}
{"event":"baccarat_round_settled","timestamp":"2026-03-06T05:58:15+00:00","payload":{"requestId":"mmehh0eg_neexuoqp1i","roundId":"8c935fb4e86530b082eabef9","userId":"e6a9cb3ebd19bdd31f2947ca","username":"NJG105","wager":25,"totalReturn":0,"netResult":-25,"balanceBefore":4445,"balanceAfter":4420,"result":"Player"}}
{"event":"baccarat_round_settled","timestamp":"2026-03-06T06:33:54+00:00","payload":{"requestId":"smoke_1772778833","roundId":"b59809837a8300b5422730c7","userId":"4861c6c5fbded14cc05ab37e","username":"casino_smoke_1772778833","wager":5,"totalReturn":10,"netResult":5,"balanceBefore":1000,"balanceAfter":1005,"result":"Player"}}
{"event":"baccarat_round_idempotent","timestamp":"2026-03-06T06:33:54+00:00","payload":{"requestId":"smoke_1772778833","roundId":"b59809837a8300b5422730c7","userId":"4861c6c5fbded14cc05ab37e","username":"casino_smoke_1772778833","idempotent":true}}
{"event":"baccarat_round_settled","timestamp":"2026-03-06T06:35:56+00:00","payload":{"requestId":"filter_1772778955","roundId":"5bb03933f02ad129e8c719d2","userId":"149367c562f969bc2f7abc74","username":"filter_smoke_1772778955","wager":5,"totalReturn":0,"netResult":-5,"balanceBefore":1000,"balanceAfter":995,"result":"Banker"}}
{"event":"baccarat_round_settled","timestamp":"2026-03-06T06:44:48+00:00","payload":{"requestId":"smoke_1772779486","roundId":"0d889c15f1b5acdb41b0c868","userId":"7bbc7a7bc8f22f7c1637f562","username":"casino_smoke_1772779486","wager":5,"totalReturn":10,"netResult":5,"balanceBefore":1000,"balanceAfter":1005,"result":"Player"}}
{"event":"baccarat_round_idempotent","timestamp":"2026-03-06T06:44:48+00:00","payload":{"requestId":"smoke_1772779486","roundId":"0d889c15f1b5acdb41b0c868","userId":"7bbc7a7bc8f22f7c1637f562","username":"casino_smoke_1772779486","idempotent":true}}
{"event":"baccarat_round_settled","timestamp":"2026-03-06T06:45:18+00:00","payload":{"requestId":"verify_1772779516","roundId":"fbb0b19f071e2cd2f8f14d03","userId":"0b5b4e69ad85b29c01639eb3","username":"verify_fix_1772779516","wager":5,"totalReturn":0,"netResult":-5,"balanceBefore":1000,"balanceAfter":995,"result":"Banker"}}
{"event":"baccarat_round_settled","timestamp":"2026-03-06T06:45:36+00:00","payload":{"requestId":"verifyhist_1772779534","roundId":"6ca4d8048903fbb431f9920a","userId":"17c53ce4888610a0cc969f33","username":"verify_hist_1772779534","wager":5,"totalReturn":0,"netResult":-5,"balanceBefore":1000,"balanceAfter":995,"result":"Banker"}}
{"event":"baccarat_round_settled","timestamp":"2026-03-06T06:48:57+00:00","payload":{"requestId":"smoke_1772779736","roundId":"4b16e16a75fa74011a1ce137","userId":"5b66f154e953d6562f45f0ad","username":"casino_smoke_1772779736","wager":5,"totalReturn":0,"netResult":-5,"balanceBefore":1000,"balanceAfter":995,"result":"Banker"}}
{"event":"baccarat_round_idempotent","timestamp":"2026-03-06T06:48:57+00:00","payload":{"requestId":"smoke_1772779736","roundId":"4b16e16a75fa74011a1ce137","userId":"5b66f154e953d6562f45f0ad","username":"casino_smoke_1772779736","idempotent":true}}
{"event":"baccarat_round_settled","timestamp":"2026-03-06T07:19:01+00:00","payload":{"requestId":"smoke_1772781540","roundId":"041cff04b4f6918a3aebe5fa","userId":"d7bd5f9ba72c79988d1f05db","username":"casino_smoke_1772781540","wager":5,"totalReturn":10,"netResult":5,"balanceBefore":1000,"balanceAfter":1005,"result":"Player"}}
{"event":"baccarat_round_idempotent","timestamp":"2026-03-06T07:19:01+00:00","payload":{"requestId":"smoke_1772781540","roundId":"041cff04b4f6918a3aebe5fa","userId":"d7bd5f9ba72c79988d1f05db","username":"casino_smoke_1772781540","idempotent":true}}
{"event":"baccarat_round_settled","timestamp":"2026-03-06T07:19:08+00:00","payload":{"requestId":"smoke_1772781547","roundId":"c082a85cf2221aef3bc6a171","userId":"d6fbfeb2fe8eb160ccc2fc15","username":"casino_smoke_1772781547","wager":5,"totalReturn":0,"netResult":-5,"balanceBefore":1000,"balanceAfter":995,"result":"Banker"}}
{"event":"baccarat_round_idempotent","timestamp":"2026-03-06T07:19:08+00:00","payload":{"requestId":"smoke_1772781547","roundId":"c082a85cf2221aef3bc6a171","userId":"d6fbfeb2fe8eb160ccc2fc15","username":"casino_smoke_1772781547","idempotent":true}}
{"event":"baccarat_round_settled","timestamp":"2026-03-06T07:26:34+00:00","payload":{"requestId":"smoke_1772781993","roundId":"a5c863bba89766e4a3120c1c","userId":"4f69da5dae9ca65cdfb56759","username":"casino_smoke_1772781993","wager":5,"totalReturn":10,"netResult":5,"balanceBefore":1000,"balanceAfter":1005,"result":"Player"}}
{"event":"baccarat_round_idempotent","timestamp":"2026-03-06T07:26:34+00:00","payload":{"requestId":"smoke_1772781993","roundId":"a5c863bba89766e4a3120c1c","userId":"4f69da5dae9ca65cdfb56759","username":"casino_smoke_1772781993","idempotent":true}}
