2026-03-03 06:42:34 Headers: ["Agent","Customer","Password","First Name","Last Name","Phone","Min Bet","Max Bet","Credit Limit","Settle Limit","Balance","Pending","Available","FP Balance","P.Max Bet","P.Max Pay","T.Max Bet","Max C. Bet","C. Max Pay","Soc Max Bet","Last Login","Lifetime +\/-","Player Notes"]
  Row 1: ["NJG365","NJG101","Sunpat5717","Sunny","Patel","9037525702","25","3000","10000","200","0","0","10000","876.74199999999996","0","10000","0","0","5000","0","2026-01-23 10:32:08.567","-24984",""]
  Total rows: 213
  Header[0]: 'Agent' -> NULL
  Header[1]: 'Customer' -> NULL
  Header[2]: 'Password' -> NULL
  Header[3]: 'First Name' -> NULL
  Header[4]: 'Last Name' -> NULL
  Header[5]: 'Phone' -> NULL
  Header[6]: 'Min Bet' -> NULL
  Header[7]: 'Max Bet' -> NULL
  Header[8]: 'Credit Limit' -> NULL
  Header[9]: 'Settle Limit' -> NULL
  Header[10]: 'Balance' -> NULL
  Header[11]: 'Pending' -> NULL
  Header[12]: 'Available' -> NULL
  Header[13]: 'FP Balance' -> NULL
  Header[14]: 'P.Max Bet' -> NULL
  Header[15]: 'P.Max Pay' -> NULL
  Header[16]: 'T.Max Bet' -> NULL
  Header[17]: 'Max C. Bet' -> NULL
  Header[18]: 'C. Max Pay' -> NULL
  Header[19]: 'Soc Max Bet' -> NULL
  Header[20]: 'Last Login' -> NULL
  Header[21]: 'Lifetime +/-' -> NULL
  Header[22]: 'Player Notes' -> NULL
2026-03-03 06:42:41 Headers: ["Agent","Customer","Password","First Name","Last Name","Phone","Min Bet","Max Bet","Credit Limit","Settle Limit","Balance","Pending","Available","FP Balance","P.Max Bet","P.Max Pay","T.Max Bet","Max C. Bet","C. Max Pay","Soc Max Bet","Last Login","Lifetime +\/-","Player Notes"]
  Row 1: ["NJG365","NJG101","Sunpat5717","Sunny","Patel","9037525702","25","3000","10000","200","0","0","10000","876.74199999999996","0","10000","0","0","5000","0","2026-01-23 10:32:08.567","-24984",""]
  Total rows: 213
  Header[0]: 'Agent' -> NULL
  Header[1]: 'Customer' -> NULL
  Header[2]: 'Password' -> NULL
  Header[3]: 'First Name' -> NULL
  Header[4]: 'Last Name' -> NULL
  Header[5]: 'Phone' -> NULL
  Header[6]: 'Min Bet' -> NULL
  Header[7]: 'Max Bet' -> NULL
  Header[8]: 'Credit Limit' -> NULL
  Header[9]: 'Settle Limit' -> NULL
  Header[10]: 'Balance' -> NULL
  Header[11]: 'Pending' -> NULL
  Header[12]: 'Available' -> NULL
  Header[13]: 'FP Balance' -> NULL
  Header[14]: 'P.Max Bet' -> NULL
  Header[15]: 'P.Max Pay' -> NULL
  Header[16]: 'T.Max Bet' -> NULL
  Header[17]: 'Max C. Bet' -> NULL
  Header[18]: 'C. Max Pay' -> NULL
  Header[19]: 'Soc Max Bet' -> NULL
  Header[20]: 'Last Login' -> NULL
  Header[21]: 'Lifetime +/-' -> NULL
  Header[22]: 'Player Notes' -> NULL
