[2026-03-06T20:22:56+00:00] [INFO] PHP odds worker started. interval=2m db=betterdr_local once=true
[2026-03-06T20:22:59+00:00] [INFO] [2026-03-06T20:22:56+00:00] update ok created=13 updated=50 scoreOnly=17 settled=0 calls=10 failed=0 blocked=false
[2026-03-06T20:23:30+00:00] [INFO] PHP odds worker started. interval=2m db=betterdr_local once=true
[2026-03-06T20:23:32+00:00] [INFO] [2026-03-06T20:23:30+00:00] update ok created=0 updated=63 scoreOnly=17 settled=0 calls=10 failed=0 blocked=false
[2026-03-06T20:34:55+00:00] [INFO] PHP odds worker started. interval=2m db=betterdr_local once=true
[2026-03-06T20:34:58+00:00] [INFO] [2026-03-06T20:34:55+00:00] update ok created=0 updated=63 scoreOnly=17 settled=0 calls=10 failed=0 blocked=false
[2026-03-07T03:55:00+00:00] [INFO] PHP odds worker started. interval=2m db=betterdr_local once=false
[2026-03-07T03:55:02+00:00] [INFO] [2026-03-07T03:55:00+00:00] update ok created=0 updated=50 scoreOnly=4 settled=0 calls=10 failed=0 blocked=false
[2026-03-07T04:59:11+00:00] [INFO] PHP odds worker started. interval=2m db=betterdr_local once=false
[2026-03-07T04:59:13+00:00] [INFO] [2026-03-07T04:59:11+00:00] update ok created=0 updated=50 scoreOnly=9 settled=0 calls=10 failed=0 blocked=false
[2026-03-07T05:01:15+00:00] [INFO] [2026-03-07T05:01:11+00:00] update ok created=0 updated=50 scoreOnly=9 settled=0 calls=10 failed=0 blocked=false
[2026-03-07T05:03:14+00:00] [INFO] [2026-03-07T05:03:11+00:00] update ok created=0 updated=50 scoreOnly=9 settled=0 calls=10 failed=0 blocked=false
[2026-03-07T05:05:13+00:00] [INFO] [2026-03-07T05:05:11+00:00] update ok created=0 updated=50 scoreOnly=9 settled=0 calls=10 failed=0 blocked=false
[2026-03-07T05:07:13+00:00] [INFO] [2026-03-07T05:07:10+00:00] update ok created=0 updated=50 scoreOnly=9 settled=0 calls=10 failed=0 blocked=false
[2026-03-07T05:09:13+00:00] [INFO] [2026-03-07T05:09:10+00:00] update ok created=0 updated=50 scoreOnly=9 settled=0 calls=10 failed=0 blocked=false
[2026-03-07T05:11:14+00:00] [INFO] [2026-03-07T05:11:11+00:00] update ok created=0 updated=50 scoreOnly=9 settled=0 calls=10 failed=0 blocked=false
[2026-03-07T05:13:13+00:00] [INFO] [2026-03-07T05:13:11+00:00] update ok created=0 updated=50 scoreOnly=11 settled=0 calls=10 failed=0 blocked=false
[2026-03-07T05:15:13+00:00] [INFO] [2026-03-07T05:15:11+00:00] update ok created=0 updated=50 scoreOnly=11 settled=0 calls=10 failed=0 blocked=false
[2026-03-07T19:55:11+00:00] [INFO] PHP odds worker started. interval=2m db=betterdr_local once=false
[2026-03-07T19:55:13+00:00] [ERROR] [2026-03-07T19:55:11+00:00] update failed: Odds sync failed: all upstream API requests failed
[2026-03-07T19:57:13+00:00] [ERROR] [2026-03-07T19:57:11+00:00] update failed: Odds sync failed: all upstream API requests failed
[2026-03-07T19:59:21+00:00] [ERROR] [2026-03-07T19:59:11+00:00] update failed: Odds sync failed: all upstream API requests failed
[2026-03-07T20:01:12+00:00] [ERROR] [2026-03-07T20:01:11+00:00] update failed: Odds sync failed: all upstream API requests failed
[2026-03-07T20:03:12+00:00] [ERROR] [2026-03-07T20:03:10+00:00] update failed: Odds sync failed: all upstream API requests failed
[2026-03-07T20:05:12+00:00] [ERROR] [2026-03-07T20:05:10+00:00] update failed: Odds sync failed: all upstream API requests failed
[2026-03-07T20:07:12+00:00] [ERROR] [2026-03-07T20:07:10+00:00] update failed: Odds sync failed: all upstream API requests failed
[2026-03-07T20:09:11+00:00] [ERROR] [2026-03-07T20:09:10+00:00] update failed: Odds sync failed: all upstream API requests failed
[2026-03-07T20:11:11+00:00] [ERROR] [2026-03-07T20:11:09+00:00] update failed: Odds sync failed: all upstream API requests failed
[2026-03-07T20:13:11+00:00] [ERROR] [2026-03-07T20:13:09+00:00] update failed: Odds sync failed: all upstream API requests failed
[2026-03-07T20:15:11+00:00] [ERROR] [2026-03-07T20:15:09+00:00] update failed: Odds sync failed: all upstream API requests failed
[2026-03-07T20:17:10+00:00] [ERROR] [2026-03-07T20:17:09+00:00] update failed: Odds sync failed: all upstream API requests failed
[2026-03-07T20:19:10+00:00] [ERROR] [2026-03-07T20:19:08+00:00] update failed: Odds sync failed: all upstream API requests failed
[2026-03-07T20:21:10+00:00] [ERROR] [2026-03-07T20:21:08+00:00] update failed: Odds sync failed: all upstream API requests failed
[2026-03-07T20:23:10+00:00] [ERROR] [2026-03-07T20:23:08+00:00] update failed: Odds sync failed: all upstream API requests failed
[2026-03-07T20:25:27+00:00] [ERROR] [2026-03-07T20:25:08+00:00] update failed: Odds sync failed: all upstream API requests failed
[2026-03-07T20:27:34+00:00] [ERROR] [2026-03-07T20:27:08+00:00] update failed: Odds sync failed: all upstream API requests failed
[2026-03-07T20:29:09+00:00] [ERROR] [2026-03-07T20:29:08+00:00] update failed: Odds sync failed: all upstream API requests failed
[2026-03-07T20:31:09+00:00] [ERROR] [2026-03-07T20:31:07+00:00] update failed: Odds sync failed: all upstream API requests failed
[2026-03-07T20:33:29+00:00] [ERROR] [2026-03-07T20:33:07+00:00] update failed: Odds sync failed: all upstream API requests failed
[2026-03-07T20:35:08+00:00] [ERROR] [2026-03-07T20:35:06+00:00] update failed: Odds sync failed: all upstream API requests failed
[2026-03-07T20:37:08+00:00] [ERROR] [2026-03-07T20:37:06+00:00] update failed: Odds sync failed: all upstream API requests failed
[2026-03-07T20:39:16+00:00] [ERROR] [2026-03-07T20:39:06+00:00] update failed: Odds sync failed: all upstream API requests failed
[2026-03-07T20:41:16+00:00] [ERROR] [2026-03-07T20:41:06+00:00] update failed: Odds sync failed: all upstream API requests failed
[2026-03-07T20:43:08+00:00] [ERROR] [2026-03-07T20:43:06+00:00] update failed: Odds sync failed: all upstream API requests failed
[2026-03-07T20:45:07+00:00] [ERROR] [2026-03-07T20:45:06+00:00] update failed: Odds sync failed: all upstream API requests failed
[2026-03-07T20:47:07+00:00] [ERROR] [2026-03-07T20:47:05+00:00] update failed: Odds sync failed: all upstream API requests failed
[2026-03-07T20:49:07+00:00] [ERROR] [2026-03-07T20:49:05+00:00] update failed: Odds sync failed: all upstream API requests failed
[2026-03-07T20:51:07+00:00] [ERROR] [2026-03-07T20:51:05+00:00] update failed: Odds sync failed: all upstream API requests failed
[2026-03-07T20:53:07+00:00] [ERROR] [2026-03-07T20:53:05+00:00] update failed: Odds sync failed: all upstream API requests failed
[2026-03-07T20:55:06+00:00] [ERROR] [2026-03-07T20:55:05+00:00] update failed: Odds sync failed: all upstream API requests failed
[2026-03-07T20:57:06+00:00] [ERROR] [2026-03-07T20:57:04+00:00] update failed: Odds sync failed: all upstream API requests failed
[2026-03-07T20:59:06+00:00] [ERROR] [2026-03-07T20:59:04+00:00] update failed: Odds sync failed: all upstream API requests failed
[2026-03-07T21:01:06+00:00] [ERROR] [2026-03-07T21:01:04+00:00] update failed: Odds sync failed: all upstream API requests failed
[2026-03-07T21:03:05+00:00] [ERROR] [2026-03-07T21:03:04+00:00] update failed: Odds sync failed: all upstream API requests failed
[2026-03-07T21:05:05+00:00] [ERROR] [2026-03-07T21:05:03+00:00] update failed: Odds sync failed: all upstream API requests failed
[2026-03-07T21:07:05+00:00] [ERROR] [2026-03-07T21:07:03+00:00] update failed: Odds sync failed: all upstream API requests failed
[2026-03-07T21:09:04+00:00] [ERROR] [2026-03-07T21:09:03+00:00] update failed: Odds sync failed: all upstream API requests failed
[2026-03-07T21:41:02+00:00] [ERROR] [2026-03-07T21:40:58+00:00] update failed: Odds sync failed: all upstream API requests failed
[2026-03-07T21:45:49+00:00] [ERROR] [2026-03-07T21:45:47+00:00] update failed: Odds sync failed: all upstream API requests failed
[2026-03-07T22:20:38+00:00] [ERROR] [2026-03-07T22:20:36+00:00] update failed: Odds sync failed: all upstream API requests failed
[2026-03-07T23:12:05+00:00] [ERROR] [2026-03-07T23:12:03+00:00] update failed: Odds sync failed: all upstream API requests failed
[2026-03-08T00:11:14+00:00] [ERROR] [2026-03-08T00:11:12+00:00] update failed: Odds sync failed: all upstream API requests failed
[2026-03-08T02:13:51+00:00] [ERROR] [2026-03-08T02:13:48+00:00] update failed: Odds sync failed: all upstream API requests failed
[2026-03-08T02:49:47+00:00] [ERROR] [2026-03-08T02:49:46+00:00] update failed: Odds sync failed: all upstream API requests failed
[2026-03-08T02:51:47+00:00] [ERROR] [2026-03-08T02:51:45+00:00] update failed: Odds sync failed: all upstream API requests failed
[2026-03-08T02:53:47+00:00] [ERROR] [2026-03-08T02:53:45+00:00] update failed: Odds sync failed: all upstream API requests failed
[2026-03-08T02:55:46+00:00] [ERROR] [2026-03-08T02:55:45+00:00] update failed: Odds sync failed: all upstream API requests failed
[2026-03-08T02:57:46+00:00] [ERROR] [2026-03-08T02:57:44+00:00] update failed: Odds sync failed: all upstream API requests failed
[2026-03-08T02:59:45+00:00] [ERROR] [2026-03-08T02:59:44+00:00] update failed: Odds sync failed: all upstream API requests failed
[2026-03-08T03:01:45+00:00] [ERROR] [2026-03-08T03:01:43+00:00] update failed: Odds sync failed: all upstream API requests failed
[2026-03-08T03:03:45+00:00] [ERROR] [2026-03-08T03:03:43+00:00] update failed: Odds sync failed: all upstream API requests failed
[2026-03-08T03:05:45+00:00] [ERROR] [2026-03-08T03:05:43+00:00] update failed: Odds sync failed: all upstream API requests failed
[2026-03-08T03:07:44+00:00] [ERROR] [2026-03-08T03:07:43+00:00] update failed: Odds sync failed: all upstream API requests failed
[2026-03-08T03:09:44+00:00] [ERROR] [2026-03-08T03:09:42+00:00] update failed: Odds sync failed: all upstream API requests failed
[2026-03-08T03:11:44+00:00] [ERROR] [2026-03-08T03:11:42+00:00] update failed: Odds sync failed: all upstream API requests failed
[2026-03-08T03:13:44+00:00] [ERROR] [2026-03-08T03:13:42+00:00] update failed: Odds sync failed: all upstream API requests failed
[2026-03-08T03:15:43+00:00] [ERROR] [2026-03-08T03:15:42+00:00] update failed: Odds sync failed: all upstream API requests failed
[2026-03-08T03:17:43+00:00] [ERROR] [2026-03-08T03:17:41+00:00] update failed: Odds sync failed: all upstream API requests failed
[2026-03-08T03:19:42+00:00] [ERROR] [2026-03-08T03:19:41+00:00] update failed: Odds sync failed: all upstream API requests failed
[2026-03-08T03:21:42+00:00] [ERROR] [2026-03-08T03:21:40+00:00] update failed: Odds sync failed: all upstream API requests failed
[2026-03-08T03:23:42+00:00] [ERROR] [2026-03-08T03:23:40+00:00] update failed: Odds sync failed: all upstream API requests failed
[2026-03-08T03:25:41+00:00] [ERROR] [2026-03-08T03:25:40+00:00] update failed: Odds sync failed: all upstream API requests failed
[2026-03-08T03:27:41+00:00] [ERROR] [2026-03-08T03:27:39+00:00] update failed: Odds sync failed: all upstream API requests failed
[2026-03-08T03:29:41+00:00] [ERROR] [2026-03-08T03:29:39+00:00] update failed: Odds sync failed: all upstream API requests failed
[2026-03-08T03:31:40+00:00] [ERROR] [2026-03-08T03:31:39+00:00] update failed: Odds sync failed: all upstream API requests failed
[2026-03-08T03:33:40+00:00] [ERROR] [2026-03-08T03:33:38+00:00] update failed: Odds sync failed: all upstream API requests failed
[2026-03-08T03:35:40+00:00] [ERROR] [2026-03-08T03:35:38+00:00] update failed: Odds sync failed: all upstream API requests failed
[2026-03-08T03:37:40+00:00] [ERROR] [2026-03-08T03:37:38+00:00] update failed: Odds sync failed: all upstream API requests failed
[2026-03-08T03:39:40+00:00] [ERROR] [2026-03-08T03:39:38+00:00] update failed: Odds sync failed: all upstream API requests failed
[2026-03-08T03:41:40+00:00] [ERROR] [2026-03-08T03:41:38+00:00] update failed: Odds sync failed: all upstream API requests failed
[2026-03-08T03:43:39+00:00] [ERROR] [2026-03-08T03:43:38+00:00] update failed: Odds sync failed: all upstream API requests failed
[2026-03-08T03:45:39+00:00] [ERROR] [2026-03-08T03:45:37+00:00] update failed: Odds sync failed: all upstream API requests failed
[2026-03-08T03:47:39+00:00] [ERROR] [2026-03-08T03:47:37+00:00] update failed: Odds sync failed: all upstream API requests failed
[2026-03-08T03:49:38+00:00] [ERROR] [2026-03-08T03:49:37+00:00] update failed: Odds sync failed: all upstream API requests failed
[2026-03-08T03:51:38+00:00] [ERROR] [2026-03-08T03:51:36+00:00] update failed: Odds sync failed: all upstream API requests failed
[2026-03-08T03:53:38+00:00] [ERROR] [2026-03-08T03:53:36+00:00] update failed: Odds sync failed: all upstream API requests failed
[2026-03-08T03:55:37+00:00] [ERROR] [2026-03-08T03:55:36+00:00] update failed: Odds sync failed: all upstream API requests failed
[2026-03-08T03:57:37+00:00] [ERROR] [2026-03-08T03:57:35+00:00] update failed: Odds sync failed: all upstream API requests failed
[2026-03-08T03:59:36+00:00] [ERROR] [2026-03-08T03:59:35+00:00] update failed: Odds sync failed: all upstream API requests failed
[2026-03-08T04:01:36+00:00] [ERROR] [2026-03-08T04:01:34+00:00] update failed: Odds sync failed: all upstream API requests failed
[2026-03-08T04:03:36+00:00] [ERROR] [2026-03-08T04:03:34+00:00] update failed: Odds sync failed: all upstream API requests failed
[2026-03-08T04:05:35+00:00] [ERROR] [2026-03-08T04:05:34+00:00] update failed: Odds sync failed: all upstream API requests failed
[2026-03-08T04:07:35+00:00] [ERROR] [2026-03-08T04:07:33+00:00] update failed: Odds sync failed: all upstream API requests failed
[2026-03-08T04:09:35+00:00] [ERROR] [2026-03-08T04:09:33+00:00] update failed: Odds sync failed: all upstream API requests failed
[2026-03-08T05:05:23+00:00] [INFO] PHP odds worker started. interval=2m db=betterdr_local once=false
[2026-03-08T05:05:25+00:00] [ERROR] [2026-03-08T05:05:23+00:00] update failed: Odds sync failed: all upstream API requests failed
[2026-03-08T05:07:25+00:00] [ERROR] [2026-03-08T05:07:23+00:00] update failed: Odds sync failed: all upstream API requests failed
[2026-03-08T05:09:25+00:00] [ERROR] [2026-03-08T05:09:23+00:00] update failed: Odds sync failed: all upstream API requests failed
[2026-03-08T05:11:24+00:00] [ERROR] [2026-03-08T05:11:23+00:00] update failed: Odds sync failed: all upstream API requests failed
[2026-03-08T05:13:24+00:00] [ERROR] [2026-03-08T05:13:22+00:00] update failed: Odds sync failed: all upstream API requests failed
[2026-03-08T05:15:24+00:00] [ERROR] [2026-03-08T05:15:22+00:00] update failed: Odds sync failed: all upstream API requests failed
[2026-03-08T05:17:23+00:00] [ERROR] [2026-03-08T05:17:22+00:00] update failed: Odds sync failed: all upstream API requests failed
[2026-03-08T05:19:23+00:00] [ERROR] [2026-03-08T05:19:21+00:00] update failed: Odds sync failed: all upstream API requests failed
[2026-03-08T05:21:23+00:00] [ERROR] [2026-03-08T05:21:21+00:00] update failed: Odds sync failed: all upstream API requests failed
[2026-03-08T05:23:22+00:00] [ERROR] [2026-03-08T05:23:21+00:00] update failed: Odds sync failed: all upstream API requests failed
[2026-03-08T05:25:22+00:00] [ERROR] [2026-03-08T05:25:20+00:00] update failed: Odds sync failed: all upstream API requests failed
[2026-03-08T05:27:22+00:00] [ERROR] [2026-03-08T05:27:20+00:00] update failed: Odds sync failed: all upstream API requests failed
[2026-03-08T05:29:21+00:00] [ERROR] [2026-03-08T05:29:20+00:00] update failed: Odds sync failed: all upstream API requests failed
[2026-03-08T05:31:21+00:00] [ERROR] [2026-03-08T05:31:19+00:00] update failed: Odds sync failed: all upstream API requests failed
[2026-03-08T05:33:21+00:00] [ERROR] [2026-03-08T05:33:19+00:00] update failed: Odds sync failed: all upstream API requests failed
[2026-03-08T05:35:20+00:00] [ERROR] [2026-03-08T05:35:19+00:00] update failed: Odds sync failed: all upstream API requests failed
[2026-03-08T05:37:20+00:00] [ERROR] [2026-03-08T05:37:18+00:00] update failed: Odds sync failed: all upstream API requests failed
[2026-03-08T05:39:22+00:00] [ERROR] [2026-03-08T05:39:18+00:00] update failed: Odds sync failed: all upstream API requests failed
[2026-03-08T05:41:20+00:00] [ERROR] [2026-03-08T05:41:18+00:00] update failed: Odds sync failed: all upstream API requests failed
[2026-03-08T05:43:20+00:00] [ERROR] [2026-03-08T05:43:18+00:00] update failed: Odds sync failed: all upstream API requests failed
[2026-03-08T05:45:19+00:00] [ERROR] [2026-03-08T05:45:18+00:00] update failed: Odds sync failed: all upstream API requests failed
[2026-03-08T05:47:19+00:00] [ERROR] [2026-03-08T05:47:17+00:00] update failed: Odds sync failed: all upstream API requests failed
[2026-03-08T05:49:18+00:00] [ERROR] [2026-03-08T05:49:17+00:00] update failed: Odds sync failed: all upstream API requests failed
[2026-03-08T05:51:18+00:00] [ERROR] [2026-03-08T05:51:16+00:00] update failed: Odds sync failed: all upstream API requests failed
[2026-03-08T05:53:18+00:00] [ERROR] [2026-03-08T05:53:16+00:00] update failed: Odds sync failed: all upstream API requests failed
[2026-03-08T05:55:18+00:00] [ERROR] [2026-03-08T05:55:16+00:00] update failed: Odds sync failed: all upstream API requests failed
[2026-03-08T05:57:17+00:00] [ERROR] [2026-03-08T05:57:16+00:00] update failed: Odds sync failed: all upstream API requests failed
[2026-03-08T05:59:17+00:00] [ERROR] [2026-03-08T05:59:15+00:00] update failed: Odds sync failed: all upstream API requests failed
[2026-03-08T06:01:17+00:00] [ERROR] [2026-03-08T06:01:15+00:00] update failed: Odds sync failed: all upstream API requests failed
[2026-03-08T06:03:17+00:00] [ERROR] [2026-03-08T06:03:15+00:00] update failed: Odds sync failed: all upstream API requests failed
[2026-03-08T06:05:16+00:00] [ERROR] [2026-03-08T06:05:15+00:00] update failed: Odds sync failed: all upstream API requests failed
[2026-03-08T06:07:16+00:00] [ERROR] [2026-03-08T06:07:14+00:00] update failed: Odds sync failed: all upstream API requests failed
[2026-03-08T06:09:16+00:00] [ERROR] [2026-03-08T06:09:14+00:00] update failed: Odds sync failed: all upstream API requests failed
[2026-03-08T06:16:53+00:00] [INFO] PHP odds worker started. interval=2m db=betterdr_local once=false
[2026-03-08T06:17:03+00:00] [ERROR] [2026-03-08T06:16:53+00:00] update failed: Odds sync failed: all upstream API requests failed
[2026-03-08T06:19:03+00:00] [ERROR] [2026-03-08T06:18:53+00:00] update failed: Odds sync failed: all upstream API requests failed
[2026-03-08T06:21:04+00:00] [ERROR] [2026-03-08T06:20:53+00:00] update failed: Odds sync failed: all upstream API requests failed
[2026-03-08T06:23:01+00:00] [ERROR] [2026-03-08T06:22:53+00:00] update failed: Odds sync failed: all upstream API requests failed
[2026-03-08T06:24:54+00:00] [ERROR] [2026-03-08T06:24:53+00:00] update failed: Odds sync failed: all upstream API requests failed
[2026-03-08T06:26:54+00:00] [ERROR] [2026-03-08T06:26:52+00:00] update failed: Odds sync failed: all upstream API requests failed
[2026-03-08T06:38:52+00:00] [INFO] PHP odds worker started. interval=2m db=betterdr_local once=false
[2026-03-08T06:38:53+00:00] [ERROR] [2026-03-08T06:38:52+00:00] update failed: Odds sync failed: all upstream API requests failed
[2026-03-08T06:40:54+00:00] [ERROR] [2026-03-08T06:40:51+00:00] update failed: Odds sync failed: all upstream API requests failed
[2026-03-08T06:55:56+00:00] [INFO] PHP odds worker started. interval=2m db=betterdr_local once=false
[2026-03-08T06:55:58+00:00] [ERROR] [2026-03-08T06:55:56+00:00] update failed: Odds sync failed: all upstream API requests failed
[2026-03-08T06:57:58+00:00] [ERROR] [2026-03-08T06:57:56+00:00] update failed: Odds sync failed: all upstream API requests failed
[2026-03-08T06:59:58+00:00] [ERROR] [2026-03-08T06:59:56+00:00] update failed: Odds sync failed: all upstream API requests failed
[2026-03-08T07:01:59+00:00] [ERROR] [2026-03-08T07:01:56+00:00] update failed: Odds sync failed: all upstream API requests failed
[2026-03-08T07:03:57+00:00] [ERROR] [2026-03-08T07:03:56+00:00] update failed: Odds sync failed: all upstream API requests failed
[2026-03-08T07:05:57+00:00] [ERROR] [2026-03-08T07:05:55+00:00] update failed: Odds sync failed: all upstream API requests failed
[2026-03-08T07:07:57+00:00] [ERROR] [2026-03-08T07:07:55+00:00] update failed: Odds sync failed: all upstream API requests failed
[2026-03-08T07:09:56+00:00] [ERROR] [2026-03-08T07:09:55+00:00] update failed: Odds sync failed: all upstream API requests failed
[2026-03-08T07:11:56+00:00] [ERROR] [2026-03-08T07:11:54+00:00] update failed: Odds sync failed: all upstream API requests failed
[2026-03-08T07:13:58+00:00] [ERROR] [2026-03-08T07:13:54+00:00] update failed: Odds sync failed: all upstream API requests failed
[2026-03-08T07:15:55+00:00] [ERROR] [2026-03-08T07:15:54+00:00] update failed: Odds sync failed: all upstream API requests failed
[2026-03-08T07:17:55+00:00] [ERROR] [2026-03-08T07:17:53+00:00] update failed: Odds sync failed: all upstream API requests failed
[2026-03-08T07:19:55+00:00] [ERROR] [2026-03-08T07:19:53+00:00] update failed: Odds sync failed: all upstream API requests failed
[2026-03-08T07:21:55+00:00] [ERROR] [2026-03-08T07:21:53+00:00] update failed: Odds sync failed: all upstream API requests failed
[2026-03-08T07:23:54+00:00] [ERROR] [2026-03-08T07:23:53+00:00] update failed: Odds sync failed: all upstream API requests failed
[2026-03-08T07:25:54+00:00] [ERROR] [2026-03-08T07:25:52+00:00] update failed: Odds sync failed: all upstream API requests failed
[2026-03-08T07:27:55+00:00] [ERROR] [2026-03-08T07:27:52+00:00] update failed: Odds sync failed: all upstream API requests failed
[2026-03-08T07:29:54+00:00] [ERROR] [2026-03-08T07:29:52+00:00] update failed: Odds sync failed: all upstream API requests failed
[2026-03-08T07:31:53+00:00] [ERROR] [2026-03-08T07:31:52+00:00] update failed: Odds sync failed: all upstream API requests failed
[2026-03-08T07:33:53+00:00] [ERROR] [2026-03-08T07:33:51+00:00] update failed: Odds sync failed: all upstream API requests failed
[2026-03-08T07:35:53+00:00] [ERROR] [2026-03-08T07:35:51+00:00] update failed: Odds sync failed: all upstream API requests failed
[2026-03-08T07:37:53+00:00] [ERROR] [2026-03-08T07:37:51+00:00] update failed: Odds sync failed: all upstream API requests failed
[2026-03-08T07:39:53+00:00] [ERROR] [2026-03-08T07:39:51+00:00] update failed: Odds sync failed: all upstream API requests failed
[2026-03-08T07:41:53+00:00] [ERROR] [2026-03-08T07:41:51+00:00] update failed: Odds sync failed: all upstream API requests failed
[2026-03-08T07:43:53+00:00] [ERROR] [2026-03-08T07:43:51+00:00] update failed: Odds sync failed: all upstream API requests failed
[2026-03-08T07:45:52+00:00] [ERROR] [2026-03-08T07:45:51+00:00] update failed: Odds sync failed: all upstream API requests failed
[2026-03-08T07:47:52+00:00] [ERROR] [2026-03-08T07:47:50+00:00] update failed: Odds sync failed: all upstream API requests failed
[2026-03-08T07:49:53+00:00] [ERROR] [2026-03-08T07:49:50+00:00] update failed: Odds sync failed: all upstream API requests failed
[2026-03-08T07:51:52+00:00] [ERROR] [2026-03-08T07:51:51+00:00] update failed: Odds sync failed: all upstream API requests failed
[2026-03-08T07:53:52+00:00] [ERROR] [2026-03-08T07:53:50+00:00] update failed: Odds sync failed: all upstream API requests failed
[2026-03-08T07:55:52+00:00] [ERROR] [2026-03-08T07:55:50+00:00] update failed: Odds sync failed: all upstream API requests failed
[2026-03-08T07:57:51+00:00] [ERROR] [2026-03-08T07:57:50+00:00] update failed: Odds sync failed: all upstream API requests failed
[2026-03-08T07:59:51+00:00] [ERROR] [2026-03-08T07:59:49+00:00] update failed: Odds sync failed: all upstream API requests failed
[2026-03-08T08:01:51+00:00] [ERROR] [2026-03-08T08:01:49+00:00] update failed: Odds sync failed: all upstream API requests failed
[2026-03-08T08:03:51+00:00] [ERROR] [2026-03-08T08:03:49+00:00] update failed: Odds sync failed: all upstream API requests failed
[2026-03-08T08:05:50+00:00] [ERROR] [2026-03-08T08:05:49+00:00] update failed: Odds sync failed: all upstream API requests failed
[2026-03-08T08:07:50+00:00] [ERROR] [2026-03-08T08:07:48+00:00] update failed: Odds sync failed: all upstream API requests failed
[2026-03-08T08:09:50+00:00] [ERROR] [2026-03-08T08:09:48+00:00] update failed: Odds sync failed: all upstream API requests failed
[2026-03-08T08:11:50+00:00] [ERROR] [2026-03-08T08:11:48+00:00] update failed: Odds sync failed: all upstream API requests failed
[2026-03-08T08:13:50+00:00] [ERROR] [2026-03-08T08:13:48+00:00] update failed: Odds sync failed: all upstream API requests failed
[2026-03-08T08:15:49+00:00] [ERROR] [2026-03-08T08:15:48+00:00] update failed: Odds sync failed: all upstream API requests failed
[2026-03-08T08:17:51+00:00] [ERROR] [2026-03-08T08:17:49+00:00] update failed: Odds sync failed: all upstream API requests failed
[2026-03-08T08:19:50+00:00] [ERROR] [2026-03-08T08:19:49+00:00] update failed: Odds sync failed: all upstream API requests failed
[2026-03-08T08:21:50+00:00] [ERROR] [2026-03-08T08:21:48+00:00] update failed: Odds sync failed: all upstream API requests failed
[2026-03-08T08:53:43+00:00] [ERROR] [2026-03-08T08:53:41+00:00] update failed: Odds sync failed: all upstream API requests failed
[2026-03-08T09:25:36+00:00] [ERROR] [2026-03-08T09:25:35+00:00] update failed: Odds sync failed: all upstream API requests failed
[2026-03-08T09:27:37+00:00] [ERROR] [2026-03-08T09:27:34+00:00] update failed: Odds sync failed: all upstream API requests failed
[2026-03-08T09:29:38+00:00] [ERROR] [2026-03-08T09:29:35+00:00] update failed: Odds sync failed: all upstream API requests failed
[2026-03-08T10:02:56+00:00] [ERROR] [2026-03-08T10:02:52+00:00] update failed: Odds sync failed: all upstream API requests failed
[2026-03-08T10:04:54+00:00] [ERROR] [2026-03-08T10:04:52+00:00] update failed: Odds sync failed: all upstream API requests failed
[2026-03-08T10:06:53+00:00] [ERROR] [2026-03-08T10:06:52+00:00] update failed: Odds sync failed: all upstream API requests failed
[2026-03-08T10:08:53+00:00] [ERROR] [2026-03-08T10:08:51+00:00] update failed: Odds sync failed: all upstream API requests failed
[2026-03-08T10:10:53+00:00] [ERROR] [2026-03-08T10:10:51+00:00] update failed: Odds sync failed: all upstream API requests failed
[2026-03-08T10:12:52+00:00] [ERROR] [2026-03-08T10:12:51+00:00] update failed: Odds sync failed: all upstream API requests failed
[2026-03-08T10:14:52+00:00] [ERROR] [2026-03-08T10:14:50+00:00] update failed: Odds sync failed: all upstream API requests failed
[2026-03-08T10:16:52+00:00] [ERROR] [2026-03-08T10:16:50+00:00] update failed: Odds sync failed: all upstream API requests failed
[2026-03-08T10:18:52+00:00] [ERROR] [2026-03-08T10:18:50+00:00] update failed: Odds sync failed: all upstream API requests failed
[2026-03-08T10:20:51+00:00] [ERROR] [2026-03-08T10:20:50+00:00] update failed: Odds sync failed: all upstream API requests failed
[2026-03-08T10:22:51+00:00] [ERROR] [2026-03-08T10:22:49+00:00] update failed: Odds sync failed: all upstream API requests failed
[2026-03-08T10:24:51+00:00] [ERROR] [2026-03-08T10:24:49+00:00] update failed: Odds sync failed: all upstream API requests failed
[2026-03-08T10:26:51+00:00] [ERROR] [2026-03-08T10:26:49+00:00] update failed: Odds sync failed: all upstream API requests failed
[2026-03-08T10:28:50+00:00] [ERROR] [2026-03-08T10:28:49+00:00] update failed: Odds sync failed: all upstream API requests failed
[2026-03-08T10:30:50+00:00] [ERROR] [2026-03-08T10:30:48+00:00] update failed: Odds sync failed: all upstream API requests failed
[2026-03-08T10:32:50+00:00] [ERROR] [2026-03-08T10:32:48+00:00] update failed: Odds sync failed: all upstream API requests failed
[2026-03-08T10:34:49+00:00] [ERROR] [2026-03-08T10:34:48+00:00] update failed: Odds sync failed: all upstream API requests failed
[2026-03-08T10:36:49+00:00] [ERROR] [2026-03-08T10:36:47+00:00] update failed: Odds sync failed: all upstream API requests failed
[2026-03-08T10:38:49+00:00] [ERROR] [2026-03-08T10:38:47+00:00] update failed: Odds sync failed: all upstream API requests failed
[2026-03-08T10:40:49+00:00] [ERROR] [2026-03-08T10:40:47+00:00] update failed: Odds sync failed: all upstream API requests failed
[2026-03-08T10:42:49+00:00] [ERROR] [2026-03-08T10:42:47+00:00] update failed: Odds sync failed: all upstream API requests failed
[2026-03-08T10:44:48+00:00] [ERROR] [2026-03-08T10:44:47+00:00] update failed: Odds sync failed: all upstream API requests failed
[2026-03-08T10:46:48+00:00] [ERROR] [2026-03-08T10:46:46+00:00] update failed: Odds sync failed: all upstream API requests failed
[2026-03-08T10:48:49+00:00] [ERROR] [2026-03-08T10:48:46+00:00] update failed: Odds sync failed: all upstream API requests failed
[2026-03-08T10:50:48+00:00] [ERROR] [2026-03-08T10:50:46+00:00] update failed: Odds sync failed: all upstream API requests failed
[2026-03-08T10:52:48+00:00] [ERROR] [2026-03-08T10:52:46+00:00] update failed: Odds sync failed: all upstream API requests failed
[2026-03-08T10:54:47+00:00] [ERROR] [2026-03-08T10:54:46+00:00] update failed: Odds sync failed: all upstream API requests failed
[2026-03-08T10:56:49+00:00] [ERROR] [2026-03-08T10:56:45+00:00] update failed: Odds sync failed: all upstream API requests failed
[2026-03-08T10:58:47+00:00] [ERROR] [2026-03-08T10:58:46+00:00] update failed: Odds sync failed: all upstream API requests failed
[2026-03-08T11:00:47+00:00] [ERROR] [2026-03-08T11:00:45+00:00] update failed: Odds sync failed: all upstream API requests failed
[2026-03-08T11:02:55+00:00] [ERROR] [2026-03-08T11:02:45+00:00] update failed: Odds sync failed: all upstream API requests failed
[2026-03-08T11:04:52+00:00] [ERROR] [2026-03-08T11:04:45+00:00] update failed: Odds sync failed: all upstream API requests failed
[2026-03-08T11:06:55+00:00] [ERROR] [2026-03-08T11:06:45+00:00] update failed: Odds sync failed: all upstream API requests failed
[2026-03-08T11:08:55+00:00] [ERROR] [2026-03-08T11:08:45+00:00] update failed: Odds sync failed: all upstream API requests failed
[2026-03-08T11:10:55+00:00] [ERROR] [2026-03-08T11:10:45+00:00] update failed: Odds sync failed: all upstream API requests failed
[2026-03-08T11:12:49+00:00] [ERROR] [2026-03-08T11:12:45+00:00] update failed: Odds sync failed: all upstream API requests failed
[2026-03-08T11:14:51+00:00] [ERROR] [2026-03-08T11:14:45+00:00] update failed: Odds sync failed: all upstream API requests failed
[2026-03-08T11:16:49+00:00] [ERROR] [2026-03-08T11:16:45+00:00] update failed: Odds sync failed: all upstream API requests failed
[2026-03-08T11:18:47+00:00] [ERROR] [2026-03-08T11:18:45+00:00] update failed: Odds sync failed: all upstream API requests failed
[2026-03-08T11:20:47+00:00] [ERROR] [2026-03-08T11:20:45+00:00] update failed: Odds sync failed: all upstream API requests failed
[2026-03-08T11:22:47+00:00] [ERROR] [2026-03-08T11:22:45+00:00] update failed: Odds sync failed: all upstream API requests failed
[2026-03-08T11:24:46+00:00] [ERROR] [2026-03-08T11:24:45+00:00] update failed: Odds sync failed: all upstream API requests failed
[2026-03-08T11:26:46+00:00] [ERROR] [2026-03-08T11:26:44+00:00] update failed: Odds sync failed: all upstream API requests failed
[2026-03-08T11:28:46+00:00] [ERROR] [2026-03-08T11:28:44+00:00] update failed: Odds sync failed: all upstream API requests failed
[2026-03-08T11:30:46+00:00] [ERROR] [2026-03-08T11:30:44+00:00] update failed: Odds sync failed: all upstream API requests failed
[2026-03-08T11:32:45+00:00] [ERROR] [2026-03-08T11:32:44+00:00] update failed: Odds sync failed: all upstream API requests failed
[2026-03-08T11:34:45+00:00] [ERROR] [2026-03-08T11:34:43+00:00] update failed: Odds sync failed: all upstream API requests failed
[2026-03-08T11:36:45+00:00] [ERROR] [2026-03-08T11:36:43+00:00] update failed: Odds sync failed: all upstream API requests failed
[2026-03-08T11:38:45+00:00] [ERROR] [2026-03-08T11:38:43+00:00] update failed: Odds sync failed: all upstream API requests failed
[2026-03-08T11:40:44+00:00] [ERROR] [2026-03-08T11:40:42+00:00] update failed: Odds sync failed: all upstream API requests failed
[2026-03-08T11:42:44+00:00] [ERROR] [2026-03-08T11:42:42+00:00] update failed: Odds sync failed: all upstream API requests failed
[2026-03-08T11:44:44+00:00] [ERROR] [2026-03-08T11:44:42+00:00] update failed: Odds sync failed: all upstream API requests failed
[2026-03-08T11:46:44+00:00] [ERROR] [2026-03-08T11:46:42+00:00] update failed: Odds sync failed: all upstream API requests failed
[2026-03-08T11:48:44+00:00] [ERROR] [2026-03-08T11:48:42+00:00] update failed: Odds sync failed: all upstream API requests failed
[2026-03-08T11:50:43+00:00] [ERROR] [2026-03-08T11:50:42+00:00] update failed: Odds sync failed: all upstream API requests failed
[2026-03-08T11:52:43+00:00] [ERROR] [2026-03-08T11:52:41+00:00] update failed: Odds sync failed: all upstream API requests failed
[2026-03-08T11:54:42+00:00] [ERROR] [2026-03-08T11:54:41+00:00] update failed: Odds sync failed: all upstream API requests failed
[2026-03-08T11:56:42+00:00] [ERROR] [2026-03-08T11:56:40+00:00] update failed: Odds sync failed: all upstream API requests failed
[2026-03-08T12:13:01+00:00] [INFO] PHP odds worker started. interval=2m db=betterdr_local once=false
[2026-03-08T12:13:11+00:00] [ERROR] [2026-03-08T12:13:01+00:00] update failed: Odds sync failed: all upstream API requests failed
[2026-03-08T12:15:08+00:00] [ERROR] [2026-03-08T12:15:01+00:00] update failed: Odds sync failed: all upstream API requests failed
[2026-03-08T12:17:09+00:00] [ERROR] [2026-03-08T12:17:01+00:00] update failed: Odds sync failed: all upstream API requests failed
[2026-03-08T12:19:08+00:00] [ERROR] [2026-03-08T12:19:01+00:00] update failed: Odds sync failed: all upstream API requests failed
[2026-03-08T12:21:03+00:00] [ERROR] [2026-03-08T12:21:01+00:00] update failed: Odds sync failed: all upstream API requests failed
[2026-03-08T12:23:04+00:00] [ERROR] [2026-03-08T12:23:01+00:00] update failed: Odds sync failed: all upstream API requests failed
[2026-03-08T12:25:03+00:00] [ERROR] [2026-03-08T12:25:01+00:00] update failed: Odds sync failed: all upstream API requests failed
[2026-03-08T12:27:03+00:00] [ERROR] [2026-03-08T12:27:01+00:00] update failed: Odds sync failed: all upstream API requests failed
[2026-03-08T12:29:04+00:00] [ERROR] [2026-03-08T12:29:01+00:00] update failed: Odds sync failed: all upstream API requests failed
[2026-03-08T12:31:03+00:00] [ERROR] [2026-03-08T12:31:01+00:00] update failed: Odds sync failed: all upstream API requests failed
[2026-03-08T12:33:03+00:00] [ERROR] [2026-03-08T12:33:01+00:00] update failed: Odds sync failed: all upstream API requests failed
[2026-03-08T12:35:03+00:00] [ERROR] [2026-03-08T12:35:01+00:00] update failed: Odds sync failed: all upstream API requests failed
[2026-03-08T12:37:02+00:00] [ERROR] [2026-03-08T12:37:01+00:00] update failed: Odds sync failed: all upstream API requests failed
[2026-03-08T12:58:14+00:00] [INFO] PHP odds worker started. interval=2m db=betterdr_local once=false
[2026-03-08T12:58:16+00:00] [ERROR] [2026-03-08T12:58:14+00:00] update failed: Odds sync failed: all upstream API requests failed
[2026-03-08T13:00:16+00:00] [ERROR] [2026-03-08T13:00:14+00:00] update failed: Odds sync failed: all upstream API requests failed
[2026-03-08T13:02:16+00:00] [ERROR] [2026-03-08T13:02:14+00:00] update failed: Odds sync failed: all upstream API requests failed
[2026-03-08T13:04:15+00:00] [ERROR] [2026-03-08T13:04:14+00:00] update failed: Odds sync failed: all upstream API requests failed
[2026-03-08T13:06:15+00:00] [ERROR] [2026-03-08T13:06:13+00:00] update failed: Odds sync failed: all upstream API requests failed
[2026-03-08T13:08:15+00:00] [ERROR] [2026-03-08T13:08:13+00:00] update failed: Odds sync failed: all upstream API requests failed
[2026-03-08T13:10:14+00:00] [ERROR] [2026-03-08T13:10:13+00:00] update failed: Odds sync failed: all upstream API requests failed
[2026-03-08T13:12:14+00:00] [ERROR] [2026-03-08T13:12:12+00:00] update failed: Odds sync failed: all upstream API requests failed
[2026-03-08T13:14:13+00:00] [ERROR] [2026-03-08T13:14:12+00:00] update failed: Odds sync failed: all upstream API requests failed
[2026-03-08T13:16:13+00:00] [ERROR] [2026-03-08T13:16:11+00:00] update failed: Odds sync failed: all upstream API requests failed
[2026-03-08T13:18:13+00:00] [ERROR] [2026-03-08T13:18:11+00:00] update failed: Odds sync failed: all upstream API requests failed
[2026-03-08T13:20:13+00:00] [ERROR] [2026-03-08T13:20:11+00:00] update failed: Odds sync failed: all upstream API requests failed
[2026-03-08T13:22:12+00:00] [ERROR] [2026-03-08T13:22:11+00:00] update failed: Odds sync failed: all upstream API requests failed
[2026-03-08T13:24:12+00:00] [ERROR] [2026-03-08T13:24:10+00:00] update failed: Odds sync failed: all upstream API requests failed
[2026-03-08T13:26:12+00:00] [ERROR] [2026-03-08T13:26:10+00:00] update failed: Odds sync failed: all upstream API requests failed
[2026-03-08T13:28:11+00:00] [ERROR] [2026-03-08T13:28:10+00:00] update failed: Odds sync failed: all upstream API requests failed
[2026-03-08T13:30:11+00:00] [ERROR] [2026-03-08T13:30:09+00:00] update failed: Odds sync failed: all upstream API requests failed
[2026-03-08T13:32:11+00:00] [ERROR] [2026-03-08T13:32:09+00:00] update failed: Odds sync failed: all upstream API requests failed
[2026-03-08T13:34:11+00:00] [ERROR] [2026-03-08T13:34:09+00:00] update failed: Odds sync failed: all upstream API requests failed
[2026-03-08T13:36:10+00:00] [ERROR] [2026-03-08T13:36:09+00:00] update failed: Odds sync failed: all upstream API requests failed
[2026-03-08T13:38:10+00:00] [ERROR] [2026-03-08T13:38:08+00:00] update failed: Odds sync failed: all upstream API requests failed
[2026-03-08T13:40:10+00:00] [ERROR] [2026-03-08T13:40:08+00:00] update failed: Odds sync failed: all upstream API requests failed
[2026-03-08T13:42:10+00:00] [ERROR] [2026-03-08T13:42:08+00:00] update failed: Odds sync failed: all upstream API requests failed
[2026-03-08T13:44:09+00:00] [ERROR] [2026-03-08T13:44:08+00:00] update failed: Odds sync failed: all upstream API requests failed
[2026-03-08T13:46:10+00:00] [ERROR] [2026-03-08T13:46:07+00:00] update failed: Odds sync failed: all upstream API requests failed
[2026-03-08T13:48:09+00:00] [ERROR] [2026-03-08T13:48:07+00:00] update failed: Odds sync failed: all upstream API requests failed
[2026-03-08T13:50:09+00:00] [ERROR] [2026-03-08T13:50:07+00:00] update failed: Odds sync failed: all upstream API requests failed
[2026-03-08T13:52:09+00:00] [ERROR] [2026-03-08T13:52:07+00:00] update failed: Odds sync failed: all upstream API requests failed
[2026-03-08T13:54:09+00:00] [ERROR] [2026-03-08T13:54:07+00:00] update failed: Odds sync failed: all upstream API requests failed
[2026-03-08T13:56:08+00:00] [ERROR] [2026-03-08T13:56:07+00:00] update failed: Odds sync failed: all upstream API requests failed
[2026-03-08T13:58:09+00:00] [ERROR] [2026-03-08T13:58:06+00:00] update failed: Odds sync failed: all upstream API requests failed
[2026-03-08T14:00:08+00:00] [ERROR] [2026-03-08T14:00:06+00:00] update failed: Odds sync failed: all upstream API requests failed
[2026-03-08T14:02:08+00:00] [ERROR] [2026-03-08T14:02:06+00:00] update failed: Odds sync failed: all upstream API requests failed
[2026-03-08T14:04:07+00:00] [ERROR] [2026-03-08T14:04:06+00:00] update failed: Odds sync failed: all upstream API requests failed
[2026-03-08T14:06:07+00:00] [ERROR] [2026-03-08T14:06:05+00:00] update failed: Odds sync failed: all upstream API requests failed
[2026-03-08T14:08:07+00:00] [ERROR] [2026-03-08T14:08:05+00:00] update failed: Odds sync failed: all upstream API requests failed
[2026-03-08T14:10:07+00:00] [ERROR] [2026-03-08T14:10:05+00:00] update failed: Odds sync failed: all upstream API requests failed
[2026-03-08T14:12:06+00:00] [ERROR] [2026-03-08T14:12:05+00:00] update failed: Odds sync failed: all upstream API requests failed
[2026-03-08T15:21:28+00:00] [INFO] PHP odds worker started. interval=2m db=betterdr_local once=false
[2026-03-08T15:21:31+00:00] [ERROR] [2026-03-08T15:21:28+00:00] update failed: Odds sync failed: all upstream API requests failed
[2026-03-08T15:23:31+00:00] [ERROR] [2026-03-08T15:23:29+00:00] update failed: Odds sync failed: all upstream API requests failed
[2026-03-08T15:25:30+00:00] [ERROR] [2026-03-08T15:25:29+00:00] update failed: Odds sync failed: all upstream API requests failed
[2026-03-08T15:27:30+00:00] [ERROR] [2026-03-08T15:27:28+00:00] update failed: Odds sync failed: all upstream API requests failed
[2026-03-08T15:29:30+00:00] [ERROR] [2026-03-08T15:29:28+00:00] update failed: Odds sync failed: all upstream API requests failed
[2026-03-08T15:31:30+00:00] [ERROR] [2026-03-08T15:31:28+00:00] update failed: Odds sync failed: all upstream API requests failed
[2026-03-08T15:33:31+00:00] [ERROR] [2026-03-08T15:33:27+00:00] update failed: Odds sync failed: all upstream API requests failed
[2026-03-08T15:35:29+00:00] [ERROR] [2026-03-08T15:35:27+00:00] update failed: Odds sync failed: all upstream API requests failed
[2026-03-08T15:37:28+00:00] [ERROR] [2026-03-08T15:37:27+00:00] update failed: Odds sync failed: all upstream API requests failed
[2026-03-08T15:39:28+00:00] [ERROR] [2026-03-08T15:39:26+00:00] update failed: Odds sync failed: all upstream API requests failed
[2026-03-08T15:41:28+00:00] [ERROR] [2026-03-08T15:41:26+00:00] update failed: Odds sync failed: all upstream API requests failed
[2026-03-08T15:43:28+00:00] [ERROR] [2026-03-08T15:43:26+00:00] update failed: Odds sync failed: all upstream API requests failed
[2026-03-08T15:45:32+00:00] [ERROR] [2026-03-08T15:45:26+00:00] update failed: Odds sync failed: all upstream API requests failed
[2026-03-08T15:47:28+00:00] [ERROR] [2026-03-08T15:47:26+00:00] update failed: Odds sync failed: all upstream API requests failed
[2026-03-08T15:49:27+00:00] [ERROR] [2026-03-08T15:49:26+00:00] update failed: Odds sync failed: all upstream API requests failed
[2026-03-08T15:51:27+00:00] [ERROR] [2026-03-08T15:51:25+00:00] update failed: Odds sync failed: all upstream API requests failed
[2026-03-08T15:53:27+00:00] [ERROR] [2026-03-08T15:53:25+00:00] update failed: Odds sync failed: all upstream API requests failed
[2026-03-08T15:55:27+00:00] [ERROR] [2026-03-08T15:55:25+00:00] update failed: Odds sync failed: all upstream API requests failed
[2026-03-08T15:57:26+00:00] [ERROR] [2026-03-08T15:57:25+00:00] update failed: Odds sync failed: all upstream API requests failed
[2026-03-08T15:59:26+00:00] [ERROR] [2026-03-08T15:59:24+00:00] update failed: Odds sync failed: all upstream API requests failed
[2026-03-08T16:01:26+00:00] [ERROR] [2026-03-08T16:01:24+00:00] update failed: Odds sync failed: all upstream API requests failed
[2026-03-08T16:03:26+00:00] [ERROR] [2026-03-08T16:03:24+00:00] update failed: Odds sync failed: all upstream API requests failed
[2026-03-08T16:05:26+00:00] [ERROR] [2026-03-08T16:05:24+00:00] update failed: Odds sync failed: all upstream API requests failed
[2026-03-08T16:07:26+00:00] [ERROR] [2026-03-08T16:07:24+00:00] update failed: Odds sync failed: all upstream API requests failed
[2026-03-08T16:09:28+00:00] [ERROR] [2026-03-08T16:09:24+00:00] update failed: Odds sync failed: all upstream API requests failed
[2026-03-08T16:11:26+00:00] [ERROR] [2026-03-08T16:11:25+00:00] update failed: Odds sync failed: all upstream API requests failed
[2026-03-08T16:13:26+00:00] [ERROR] [2026-03-08T16:13:24+00:00] update failed: Odds sync failed: all upstream API requests failed
[2026-03-08T16:15:26+00:00] [ERROR] [2026-03-08T16:15:24+00:00] update failed: Odds sync failed: all upstream API requests failed
[2026-03-08T16:17:25+00:00] [ERROR] [2026-03-08T16:17:24+00:00] update failed: Odds sync failed: all upstream API requests failed
[2026-03-08T16:19:25+00:00] [ERROR] [2026-03-08T16:19:23+00:00] update failed: Odds sync failed: all upstream API requests failed
[2026-03-08T16:21:25+00:00] [ERROR] [2026-03-08T16:21:23+00:00] update failed: Odds sync failed: all upstream API requests failed
[2026-03-08T16:23:24+00:00] [ERROR] [2026-03-08T16:23:23+00:00] update failed: Odds sync failed: all upstream API requests failed
[2026-03-08T16:25:24+00:00] [ERROR] [2026-03-08T16:25:22+00:00] update failed: Odds sync failed: all upstream API requests failed
[2026-03-08T16:27:24+00:00] [ERROR] [2026-03-08T16:27:22+00:00] update failed: Odds sync failed: all upstream API requests failed
[2026-03-08T16:29:24+00:00] [ERROR] [2026-03-08T16:29:22+00:00] update failed: Odds sync failed: all upstream API requests failed
[2026-03-08T16:31:23+00:00] [ERROR] [2026-03-08T16:31:22+00:00] update failed: Odds sync failed: all upstream API requests failed
[2026-03-08T16:33:24+00:00] [ERROR] [2026-03-08T16:33:21+00:00] update failed: Odds sync failed: all upstream API requests failed
[2026-03-08T16:35:23+00:00] [ERROR] [2026-03-08T16:35:22+00:00] update failed: Odds sync failed: all upstream API requests failed
[2026-03-08T16:37:23+00:00] [ERROR] [2026-03-08T16:37:21+00:00] update failed: Odds sync failed: all upstream API requests failed
[2026-03-08T16:39:23+00:00] [ERROR] [2026-03-08T16:39:21+00:00] update failed: Odds sync failed: all upstream API requests failed
[2026-03-08T16:41:23+00:00] [ERROR] [2026-03-08T16:41:21+00:00] update failed: Odds sync failed: all upstream API requests failed
[2026-03-08T18:43:57+00:00] [ERROR] [2026-03-08T18:43:54+00:00] update failed: Odds sync failed: all upstream API requests failed
[2026-03-08T21:35:30+00:00] [ERROR] [2026-03-08T21:35:27+00:00] update failed: Odds sync failed: all upstream API requests failed
[2026-03-09T00:24:22+00:00] [ERROR] [2026-03-09T00:24:20+00:00] update failed: Odds sync failed: all upstream API requests failed
[2026-03-09T00:26:22+00:00] [ERROR] [2026-03-09T00:26:20+00:00] update failed: Odds sync failed: all upstream API requests failed
[2026-03-09T00:28:22+00:00] [ERROR] [2026-03-09T00:28:20+00:00] update failed: Odds sync failed: all upstream API requests failed
[2026-03-09T00:30:21+00:00] [ERROR] [2026-03-09T00:30:20+00:00] update failed: Odds sync failed: all upstream API requests failed
[2026-03-09T00:32:21+00:00] [ERROR] [2026-03-09T00:32:19+00:00] update failed: Odds sync failed: all upstream API requests failed
[2026-03-09T00:34:21+00:00] [ERROR] [2026-03-09T00:34:19+00:00] update failed: Odds sync failed: all upstream API requests failed
[2026-03-09T00:36:20+00:00] [ERROR] [2026-03-09T00:36:19+00:00] update failed: Odds sync failed: all upstream API requests failed
[2026-03-09T00:38:20+00:00] [ERROR] [2026-03-09T00:38:18+00:00] update failed: Odds sync failed: all upstream API requests failed
[2026-03-09T00:40:20+00:00] [ERROR] [2026-03-09T00:40:18+00:00] update failed: Odds sync failed: all upstream API requests failed
[2026-03-09T00:42:20+00:00] [ERROR] [2026-03-09T00:42:18+00:00] update failed: Odds sync failed: all upstream API requests failed
[2026-03-09T00:44:19+00:00] [ERROR] [2026-03-09T00:44:18+00:00] update failed: Odds sync failed: all upstream API requests failed
[2026-03-09T00:46:19+00:00] [ERROR] [2026-03-09T00:46:17+00:00] update failed: Odds sync failed: all upstream API requests failed
[2026-03-09T00:57:11+00:00] [INFO] PHP odds worker started. interval=2m db=betterdr_local once=false
[2026-03-09T00:57:13+00:00] [INFO] [2026-03-09T00:57:11+00:00] update ok created=0 updated=46 scoreOnly=9 settled=0 calls=10 failed=0 blocked=false
[2026-03-09T00:59:13+00:00] [INFO] [2026-03-09T00:59:11+00:00] update ok created=0 updated=46 scoreOnly=9 settled=0 calls=10 failed=0 blocked=false
[2026-03-09T01:01:13+00:00] [INFO] [2026-03-09T01:01:10+00:00] update ok created=0 updated=46 scoreOnly=9 settled=0 calls=10 failed=0 blocked=false
[2026-03-09T01:03:13+00:00] [INFO] [2026-03-09T01:03:10+00:00] update ok created=0 updated=46 scoreOnly=9 settled=0 calls=10 failed=0 blocked=false
[2026-03-09T01:05:16+00:00] [INFO] [2026-03-09T01:05:11+00:00] update ok created=0 updated=46 scoreOnly=9 settled=0 calls=10 failed=0 blocked=false
[2026-03-09T01:07:13+00:00] [INFO] [2026-03-09T01:07:10+00:00] update ok created=0 updated=46 scoreOnly=9 settled=0 calls=10 failed=0 blocked=false
[2026-03-09T01:09:13+00:00] [INFO] [2026-03-09T01:09:10+00:00] update ok created=0 updated=46 scoreOnly=9 settled=0 calls=10 failed=0 blocked=false
[2026-03-09T01:11:13+00:00] [INFO] [2026-03-09T01:11:10+00:00] update ok created=0 updated=44 scoreOnly=7 settled=0 calls=10 failed=0 blocked=false
[2026-03-09T01:13:14+00:00] [INFO] [2026-03-09T01:13:10+00:00] update ok created=0 updated=44 scoreOnly=7 settled=0 calls=10 failed=0 blocked=false
[2026-03-09T01:15:12+00:00] [INFO] [2026-03-09T01:15:10+00:00] update ok created=0 updated=44 scoreOnly=7 settled=0 calls=10 failed=0 blocked=false
[2026-03-09T01:17:12+00:00] [INFO] [2026-03-09T01:17:09+00:00] update ok created=0 updated=44 scoreOnly=7 settled=0 calls=10 failed=0 blocked=false
[2026-03-09T01:19:12+00:00] [INFO] [2026-03-09T01:19:09+00:00] update ok created=0 updated=44 scoreOnly=8 settled=0 calls=10 failed=0 blocked=false
[2026-03-09T01:21:12+00:00] [INFO] [2026-03-09T01:21:09+00:00] update ok created=0 updated=44 scoreOnly=8 settled=0 calls=10 failed=0 blocked=false
[2026-03-09T01:23:12+00:00] [INFO] [2026-03-09T01:23:09+00:00] update ok created=0 updated=44 scoreOnly=8 settled=0 calls=10 failed=0 blocked=false
[2026-03-09T01:25:12+00:00] [INFO] [2026-03-09T01:25:09+00:00] update ok created=0 updated=44 scoreOnly=8 settled=0 calls=10 failed=0 blocked=false
[2026-03-09T01:27:12+00:00] [INFO] [2026-03-09T01:27:08+00:00] update ok created=0 updated=44 scoreOnly=8 settled=0 calls=10 failed=0 blocked=false
[2026-03-09T01:29:12+00:00] [INFO] [2026-03-09T01:29:09+00:00] update ok created=0 updated=44 scoreOnly=8 settled=0 calls=10 failed=0 blocked=false
[2026-03-09T10:09:11+00:00] [INFO] PHP odds worker started. interval=2m db=betterdr_local once=false
[2026-03-09T10:09:14+00:00] [INFO] [2026-03-09T10:09:11+00:00] update ok created=2 updated=40 scoreOnly=13 settled=0 calls=10 failed=0 blocked=false
[2026-03-09T10:11:13+00:00] [INFO] [2026-03-09T10:11:11+00:00] update ok created=0 updated=42 scoreOnly=13 settled=0 calls=10 failed=0 blocked=false
[2026-03-09T10:13:13+00:00] [INFO] [2026-03-09T10:13:11+00:00] update ok created=0 updated=42 scoreOnly=13 settled=0 calls=10 failed=0 blocked=false
[2026-03-09T10:15:13+00:00] [INFO] [2026-03-09T10:15:10+00:00] update ok created=0 updated=42 scoreOnly=13 settled=0 calls=10 failed=0 blocked=false
[2026-03-09T10:17:13+00:00] [INFO] [2026-03-09T10:17:11+00:00] update ok created=0 updated=42 scoreOnly=13 settled=0 calls=10 failed=0 blocked=false
[2026-03-09T10:19:14+00:00] [INFO] [2026-03-09T10:19:11+00:00] update ok created=0 updated=42 scoreOnly=13 settled=0 calls=10 failed=0 blocked=false
[2026-03-09T10:21:21+00:00] [INFO] [2026-03-09T10:21:11+00:00] update ok created=0 updated=29 scoreOnly=0 settled=0 calls=10 failed=5 blocked=false
[2026-03-09T10:23:13+00:00] [INFO] [2026-03-09T10:23:11+00:00] update ok created=0 updated=42 scoreOnly=13 settled=0 calls=10 failed=0 blocked=false
[2026-03-09T10:25:13+00:00] [INFO] [2026-03-09T10:25:10+00:00] update ok created=0 updated=42 scoreOnly=13 settled=0 calls=10 failed=0 blocked=false
[2026-03-09T10:27:13+00:00] [INFO] [2026-03-09T10:27:11+00:00] update ok created=0 updated=42 scoreOnly=13 settled=0 calls=10 failed=0 blocked=false
[2026-03-09T10:29:17+00:00] [INFO] [2026-03-09T10:29:10+00:00] update ok created=0 updated=42 scoreOnly=13 settled=0 calls=10 failed=0 blocked=false
[2026-03-09T10:31:13+00:00] [INFO] [2026-03-09T10:31:10+00:00] update ok created=0 updated=42 scoreOnly=13 settled=0 calls=10 failed=0 blocked=false
[2026-03-09T10:33:16+00:00] [INFO] [2026-03-09T10:33:10+00:00] update ok created=0 updated=42 scoreOnly=13 settled=0 calls=10 failed=0 blocked=false
[2026-03-09T10:35:14+00:00] [INFO] [2026-03-09T10:35:10+00:00] update ok created=0 updated=42 scoreOnly=13 settled=0 calls=10 failed=0 blocked=false
[2026-03-09T10:37:12+00:00] [INFO] [2026-03-09T10:37:10+00:00] update ok created=0 updated=42 scoreOnly=13 settled=0 calls=10 failed=0 blocked=false
[2026-03-09T10:39:12+00:00] [INFO] [2026-03-09T10:39:09+00:00] update ok created=0 updated=42 scoreOnly=13 settled=0 calls=10 failed=0 blocked=false
[2026-03-09T10:41:12+00:00] [INFO] [2026-03-09T10:41:10+00:00] update ok created=0 updated=42 scoreOnly=13 settled=0 calls=10 failed=0 blocked=false
[2026-03-09T10:43:20+00:00] [ERROR] [2026-03-09T10:43:10+00:00] update failed: Odds sync failed: all upstream API requests failed
[2026-03-09T10:45:20+00:00] [ERROR] [2026-03-09T10:45:10+00:00] update failed: Odds sync failed: all upstream API requests failed
[2026-03-09T10:47:20+00:00] [ERROR] [2026-03-09T10:47:10+00:00] update failed: Odds sync failed: all upstream API requests failed
[2026-03-09T10:49:20+00:00] [ERROR] [2026-03-09T10:49:10+00:00] update failed: Odds sync failed: all upstream API requests failed
[2026-03-09T10:51:13+00:00] [INFO] [2026-03-09T10:51:10+00:00] update ok created=0 updated=42 scoreOnly=13 settled=0 calls=10 failed=0 blocked=false
[2026-03-09T10:53:15+00:00] [INFO] [2026-03-09T10:53:10+00:00] update ok created=0 updated=42 scoreOnly=13 settled=0 calls=10 failed=0 blocked=false
[2026-03-09T10:55:20+00:00] [ERROR] [2026-03-09T10:55:10+00:00] update failed: Odds sync failed: all upstream API requests failed
[2026-03-09T10:57:19+00:00] [INFO] [2026-03-09T10:57:10+00:00] update ok created=0 updated=42 scoreOnly=13 settled=0 calls=10 failed=0 blocked=false
[2026-03-09T10:59:20+00:00] [ERROR] [2026-03-09T10:59:10+00:00] update failed: Odds sync failed: all upstream API requests failed
[2026-03-09T11:01:20+00:00] [INFO] [2026-03-09T11:01:10+00:00] update ok created=0 updated=42 scoreOnly=13 settled=0 calls=10 failed=0 blocked=false
[2026-03-09T11:03:14+00:00] [INFO] [2026-03-09T11:03:10+00:00] update ok created=0 updated=42 scoreOnly=13 settled=0 calls=10 failed=0 blocked=false
[2026-03-09T11:05:22+00:00] [INFO] [2026-03-09T11:05:10+00:00] update ok created=0 updated=34 scoreOnly=5 settled=0 calls=10 failed=2 blocked=false
[2026-03-09T11:07:12+00:00] [INFO] [2026-03-09T11:07:10+00:00] update ok created=0 updated=42 scoreOnly=13 settled=0 calls=10 failed=0 blocked=false
[2026-03-09T11:09:12+00:00] [INFO] [2026-03-09T11:09:10+00:00] update ok created=0 updated=42 scoreOnly=13 settled=0 calls=10 failed=0 blocked=false
[2026-03-09T11:11:12+00:00] [INFO] [2026-03-09T11:11:09+00:00] update ok created=0 updated=42 scoreOnly=13 settled=0 calls=10 failed=0 blocked=false
[2026-03-09T11:13:17+00:00] [INFO] [2026-03-09T11:13:09+00:00] update ok created=0 updated=29 scoreOnly=0 settled=0 calls=10 failed=5 blocked=false
[2026-03-09T11:15:11+00:00] [INFO] [2026-03-09T11:15:09+00:00] update ok created=0 updated=42 scoreOnly=13 settled=0 calls=10 failed=0 blocked=false
[2026-03-09T11:17:13+00:00] [INFO] [2026-03-09T11:17:08+00:00] update ok created=0 updated=42 scoreOnly=13 settled=0 calls=10 failed=0 blocked=false
[2026-03-09T11:19:17+00:00] [INFO] [2026-03-09T11:19:08+00:00] update ok created=0 updated=29 scoreOnly=0 settled=0 calls=10 failed=5 blocked=false
[2026-03-09T11:21:11+00:00] [INFO] [2026-03-09T11:21:09+00:00] update ok created=0 updated=42 scoreOnly=13 settled=0 calls=10 failed=0 blocked=false
[2026-03-09T11:23:12+00:00] [INFO] [2026-03-09T11:23:09+00:00] update ok created=0 updated=42 scoreOnly=13 settled=0 calls=10 failed=0 blocked=false
[2026-03-09T11:25:12+00:00] [INFO] [2026-03-09T11:25:09+00:00] update ok created=0 updated=42 scoreOnly=13 settled=0 calls=10 failed=0 blocked=false
[2026-03-09T11:27:31+00:00] [INFO] [2026-03-09T11:27:10+00:00] update ok created=0 updated=42 scoreOnly=31 settled=0 calls=10 failed=1 blocked=false
[2026-03-09T11:29:13+00:00] [INFO] [2026-03-09T11:29:10+00:00] update ok created=0 updated=42 scoreOnly=13 settled=0 calls=10 failed=0 blocked=false
[2026-03-09T11:31:12+00:00] [INFO] [2026-03-09T11:31:10+00:00] update ok created=0 updated=42 scoreOnly=13 settled=0 calls=10 failed=0 blocked=false
[2026-03-09T11:33:13+00:00] [INFO] [2026-03-09T11:33:10+00:00] update ok created=0 updated=42 scoreOnly=13 settled=0 calls=10 failed=0 blocked=false
[2026-03-09T11:35:13+00:00] [INFO] [2026-03-09T11:35:10+00:00] update ok created=0 updated=42 scoreOnly=13 settled=0 calls=10 failed=0 blocked=false
[2026-03-09T11:37:12+00:00] [INFO] [2026-03-09T11:37:10+00:00] update ok created=0 updated=42 scoreOnly=13 settled=0 calls=10 failed=0 blocked=false
[2026-03-09T11:39:13+00:00] [INFO] [2026-03-09T11:39:10+00:00] update ok created=0 updated=42 scoreOnly=13 settled=0 calls=10 failed=0 blocked=false
[2026-03-09T11:41:13+00:00] [INFO] [2026-03-09T11:41:11+00:00] update ok created=0 updated=42 scoreOnly=13 settled=0 calls=10 failed=0 blocked=false
[2026-03-09T11:43:13+00:00] [INFO] [2026-03-09T11:43:11+00:00] update ok created=0 updated=42 scoreOnly=13 settled=0 calls=10 failed=0 blocked=false
[2026-03-09T11:45:14+00:00] [INFO] [2026-03-09T11:45:11+00:00] update ok created=0 updated=42 scoreOnly=13 settled=0 calls=10 failed=0 blocked=false
[2026-03-09T11:47:13+00:00] [INFO] [2026-03-09T11:47:11+00:00] update ok created=0 updated=42 scoreOnly=13 settled=0 calls=10 failed=0 blocked=false
[2026-03-09T11:49:14+00:00] [INFO] [2026-03-09T11:49:12+00:00] update ok created=0 updated=42 scoreOnly=13 settled=0 calls=10 failed=0 blocked=false
[2026-03-09T11:51:14+00:00] [INFO] [2026-03-09T11:51:11+00:00] update ok created=0 updated=42 scoreOnly=13 settled=0 calls=10 failed=0 blocked=false
[2026-03-09T11:53:17+00:00] [INFO] [2026-03-09T11:53:12+00:00] update ok created=0 updated=42 scoreOnly=13 settled=0 calls=10 failed=0 blocked=false
[2026-03-09T11:55:14+00:00] [INFO] [2026-03-09T11:55:12+00:00] update ok created=0 updated=42 scoreOnly=13 settled=0 calls=10 failed=0 blocked=false
[2026-03-09T11:57:14+00:00] [INFO] [2026-03-09T11:57:11+00:00] update ok created=0 updated=42 scoreOnly=13 settled=0 calls=10 failed=0 blocked=false
[2026-03-09T11:59:14+00:00] [INFO] [2026-03-09T11:59:12+00:00] update ok created=0 updated=42 scoreOnly=13 settled=0 calls=10 failed=0 blocked=false
[2026-03-09T12:01:14+00:00] [INFO] [2026-03-09T12:01:11+00:00] update ok created=0 updated=42 scoreOnly=13 settled=0 calls=10 failed=0 blocked=false
[2026-03-09T12:03:15+00:00] [INFO] [2026-03-09T12:03:12+00:00] update ok created=0 updated=42 scoreOnly=13 settled=0 calls=10 failed=0 blocked=false
[2026-03-09T12:05:15+00:00] [INFO] [2026-03-09T12:05:12+00:00] update ok created=0 updated=42 scoreOnly=13 settled=0 calls=10 failed=0 blocked=false
[2026-03-09T12:07:15+00:00] [INFO] [2026-03-09T12:07:12+00:00] update ok created=0 updated=42 scoreOnly=13 settled=0 calls=10 failed=0 blocked=false
[2026-03-09T12:09:15+00:00] [INFO] [2026-03-09T12:09:12+00:00] update ok created=0 updated=42 scoreOnly=13 settled=0 calls=10 failed=0 blocked=false
[2026-03-09T12:11:14+00:00] [INFO] [2026-03-09T12:11:12+00:00] update ok created=0 updated=42 scoreOnly=13 settled=0 calls=10 failed=0 blocked=false
[2026-03-09T12:13:14+00:00] [INFO] [2026-03-09T12:13:11+00:00] update ok created=0 updated=42 scoreOnly=13 settled=0 calls=10 failed=0 blocked=false
[2026-03-09T12:15:14+00:00] [INFO] [2026-03-09T12:15:11+00:00] update ok created=0 updated=42 scoreOnly=13 settled=0 calls=10 failed=0 blocked=false
[2026-03-09T12:17:18+00:00] [INFO] [2026-03-09T12:17:12+00:00] update ok created=0 updated=42 scoreOnly=13 settled=0 calls=10 failed=0 blocked=false
[2026-03-09T12:19:14+00:00] [INFO] [2026-03-09T12:19:12+00:00] update ok created=0 updated=42 scoreOnly=13 settled=0 calls=10 failed=0 blocked=false
[2026-03-09T12:21:14+00:00] [INFO] [2026-03-09T12:21:11+00:00] update ok created=0 updated=42 scoreOnly=13 settled=0 calls=10 failed=0 blocked=false
[2026-03-09T12:23:16+00:00] [INFO] [2026-03-09T12:23:11+00:00] update ok created=0 updated=42 scoreOnly=13 settled=0 calls=10 failed=0 blocked=false
[2026-03-09T12:25:13+00:00] [INFO] [2026-03-09T12:25:11+00:00] update ok created=0 updated=42 scoreOnly=13 settled=0 calls=10 failed=0 blocked=false
[2026-03-09T12:27:14+00:00] [INFO] [2026-03-09T12:27:11+00:00] update ok created=0 updated=42 scoreOnly=13 settled=0 calls=10 failed=0 blocked=false
[2026-03-09T12:29:16+00:00] [INFO] [2026-03-09T12:29:11+00:00] update ok created=0 updated=42 scoreOnly=13 settled=0 calls=10 failed=0 blocked=false
[2026-03-09T12:31:14+00:00] [INFO] [2026-03-09T12:31:11+00:00] update ok created=0 updated=42 scoreOnly=13 settled=0 calls=10 failed=0 blocked=false
[2026-03-09T12:33:14+00:00] [INFO] [2026-03-09T12:33:11+00:00] update ok created=0 updated=42 scoreOnly=13 settled=0 calls=10 failed=0 blocked=false
[2026-03-09T12:35:14+00:00] [INFO] [2026-03-09T12:35:11+00:00] update ok created=0 updated=42 scoreOnly=13 settled=0 calls=10 failed=0 blocked=false
[2026-03-09T12:37:13+00:00] [INFO] [2026-03-09T12:37:11+00:00] update ok created=0 updated=42 scoreOnly=13 settled=0 calls=10 failed=0 blocked=false
[2026-03-09T12:39:14+00:00] [INFO] [2026-03-09T12:39:11+00:00] update ok created=0 updated=42 scoreOnly=13 settled=0 calls=10 failed=0 blocked=false
[2026-03-09T12:41:14+00:00] [INFO] [2026-03-09T12:41:12+00:00] update ok created=0 updated=42 scoreOnly=13 settled=0 calls=10 failed=0 blocked=false
[2026-03-09T12:43:14+00:00] [INFO] [2026-03-09T12:43:11+00:00] update ok created=0 updated=42 scoreOnly=13 settled=0 calls=10 failed=0 blocked=false
[2026-03-09T12:45:13+00:00] [INFO] [2026-03-09T12:45:11+00:00] update ok created=0 updated=42 scoreOnly=13 settled=0 calls=10 failed=0 blocked=false
[2026-03-09T12:47:14+00:00] [INFO] [2026-03-09T12:47:11+00:00] update ok created=0 updated=42 scoreOnly=13 settled=0 calls=10 failed=0 blocked=false
[2026-03-09T12:49:14+00:00] [INFO] [2026-03-09T12:49:11+00:00] update ok created=0 updated=42 scoreOnly=13 settled=0 calls=10 failed=0 blocked=false
[2026-03-09T12:51:14+00:00] [INFO] [2026-03-09T12:51:12+00:00] update ok created=0 updated=42 scoreOnly=13 settled=0 calls=10 failed=0 blocked=false
[2026-03-09T12:53:15+00:00] [INFO] [2026-03-09T12:53:12+00:00] update ok created=0 updated=42 scoreOnly=13 settled=0 calls=10 failed=0 blocked=false
[2026-03-09T12:55:14+00:00] [INFO] [2026-03-09T12:55:12+00:00] update ok created=0 updated=42 scoreOnly=13 settled=0 calls=10 failed=0 blocked=false
[2026-03-09T12:57:14+00:00] [INFO] [2026-03-09T12:57:11+00:00] update ok created=0 updated=42 scoreOnly=13 settled=0 calls=10 failed=0 blocked=false
[2026-03-09T12:59:15+00:00] [INFO] [2026-03-09T12:59:12+00:00] update ok created=0 updated=42 scoreOnly=13 settled=0 calls=10 failed=0 blocked=false
[2026-03-09T13:01:14+00:00] [INFO] [2026-03-09T13:01:12+00:00] update ok created=0 updated=42 scoreOnly=13 settled=0 calls=10 failed=0 blocked=false
[2026-03-09T13:03:14+00:00] [INFO] [2026-03-09T13:03:12+00:00] update ok created=0 updated=42 scoreOnly=13 settled=0 calls=10 failed=0 blocked=false
[2026-03-09T13:05:15+00:00] [INFO] [2026-03-09T13:05:12+00:00] update ok created=0 updated=42 scoreOnly=13 settled=0 calls=10 failed=0 blocked=false
[2026-03-09T13:07:14+00:00] [INFO] [2026-03-09T13:07:12+00:00] update ok created=0 updated=42 scoreOnly=13 settled=0 calls=10 failed=0 blocked=false
[2026-03-09T13:09:15+00:00] [INFO] [2026-03-09T13:09:12+00:00] update ok created=0 updated=42 scoreOnly=13 settled=0 calls=10 failed=0 blocked=false
[2026-03-09T13:11:15+00:00] [INFO] [2026-03-09T13:11:13+00:00] update ok created=0 updated=42 scoreOnly=13 settled=0 calls=10 failed=0 blocked=false
[2026-03-09T13:13:15+00:00] [INFO] [2026-03-09T13:13:13+00:00] update ok created=0 updated=42 scoreOnly=13 settled=0 calls=10 failed=0 blocked=false
[2026-03-09T13:15:16+00:00] [INFO] [2026-03-09T13:15:13+00:00] update ok created=0 updated=42 scoreOnly=13 settled=0 calls=10 failed=0 blocked=false
[2026-03-09T13:17:16+00:00] [INFO] [2026-03-09T13:17:13+00:00] update ok created=0 updated=42 scoreOnly=13 settled=0 calls=10 failed=0 blocked=false
[2026-03-09T13:19:15+00:00] [INFO] [2026-03-09T13:19:13+00:00] update ok created=0 updated=42 scoreOnly=13 settled=0 calls=10 failed=0 blocked=false
[2026-03-09T13:21:15+00:00] [INFO] [2026-03-09T13:21:13+00:00] update ok created=0 updated=42 scoreOnly=13 settled=0 calls=10 failed=0 blocked=false
[2026-03-09T13:23:16+00:00] [INFO] [2026-03-09T13:23:13+00:00] update ok created=0 updated=42 scoreOnly=13 settled=0 calls=10 failed=0 blocked=false
[2026-03-09T13:25:19+00:00] [INFO] [2026-03-09T13:25:13+00:00] update ok created=0 updated=42 scoreOnly=13 settled=0 calls=10 failed=0 blocked=false
[2026-03-09T13:27:15+00:00] [INFO] [2026-03-09T13:27:13+00:00] update ok created=0 updated=42 scoreOnly=13 settled=0 calls=10 failed=0 blocked=false
[2026-03-09T13:29:17+00:00] [INFO] [2026-03-09T13:29:13+00:00] update ok created=0 updated=42 scoreOnly=13 settled=0 calls=10 failed=0 blocked=false
[2026-03-09T13:31:17+00:00] [INFO] [2026-03-09T13:31:14+00:00] update ok created=0 updated=42 scoreOnly=13 settled=0 calls=10 failed=0 blocked=false
[2026-03-09T13:33:17+00:00] [INFO] [2026-03-09T13:33:14+00:00] update ok created=0 updated=42 scoreOnly=13 settled=0 calls=10 failed=0 blocked=false
[2026-03-09T13:35:16+00:00] [INFO] [2026-03-09T13:35:14+00:00] update ok created=0 updated=42 scoreOnly=13 settled=0 calls=10 failed=0 blocked=false
[2026-03-09T13:37:17+00:00] [INFO] [2026-03-09T13:37:14+00:00] update ok created=0 updated=42 scoreOnly=13 settled=0 calls=10 failed=0 blocked=false
[2026-03-09T13:39:16+00:00] [INFO] [2026-03-09T13:39:14+00:00] update ok created=0 updated=42 scoreOnly=13 settled=0 calls=10 failed=0 blocked=false
[2026-03-09T13:41:17+00:00] [INFO] [2026-03-09T13:41:14+00:00] update ok created=0 updated=42 scoreOnly=13 settled=0 calls=10 failed=0 blocked=false
[2026-03-09T13:43:22+00:00] [INFO] [2026-03-09T13:43:14+00:00] update ok created=0 updated=42 scoreOnly=13 settled=0 calls=10 failed=1 blocked=false
[2026-03-09T13:45:17+00:00] [INFO] [2026-03-09T13:45:14+00:00] update ok created=0 updated=42 scoreOnly=13 settled=0 calls=10 failed=0 blocked=false
[2026-03-09T13:47:17+00:00] [INFO] [2026-03-09T13:47:14+00:00] update ok created=0 updated=42 scoreOnly=13 settled=0 calls=10 failed=0 blocked=false
[2026-03-09T13:49:16+00:00] [INFO] [2026-03-09T13:49:14+00:00] update ok created=0 updated=42 scoreOnly=13 settled=0 calls=10 failed=0 blocked=false
[2026-03-09T13:51:17+00:00] [INFO] [2026-03-09T13:51:14+00:00] update ok created=0 updated=42 scoreOnly=13 settled=0 calls=10 failed=0 blocked=false
[2026-03-09T13:53:17+00:00] [INFO] [2026-03-09T13:53:14+00:00] update ok created=0 updated=42 scoreOnly=13 settled=0 calls=10 failed=0 blocked=false
[2026-03-09T13:55:18+00:00] [INFO] [2026-03-09T13:55:15+00:00] update ok created=0 updated=42 scoreOnly=13 settled=0 calls=10 failed=0 blocked=false
[2026-03-09T13:57:17+00:00] [INFO] [2026-03-09T13:57:15+00:00] update ok created=0 updated=42 scoreOnly=13 settled=0 calls=10 failed=0 blocked=false
[2026-03-09T13:59:18+00:00] [INFO] [2026-03-09T13:59:15+00:00] update ok created=0 updated=42 scoreOnly=13 settled=0 calls=10 failed=0 blocked=false
[2026-03-09T14:01:18+00:00] [INFO] [2026-03-09T14:01:15+00:00] update ok created=0 updated=42 scoreOnly=13 settled=0 calls=10 failed=0 blocked=false
[2026-03-09T14:03:17+00:00] [INFO] [2026-03-09T14:03:15+00:00] update ok created=0 updated=42 scoreOnly=13 settled=0 calls=10 failed=0 blocked=false
[2026-03-09T14:05:18+00:00] [INFO] [2026-03-09T14:05:15+00:00] update ok created=0 updated=42 scoreOnly=13 settled=0 calls=10 failed=0 blocked=false
[2026-03-09T14:07:19+00:00] [INFO] [2026-03-09T14:07:16+00:00] update ok created=0 updated=42 scoreOnly=13 settled=0 calls=10 failed=0 blocked=false
[2026-03-09T14:09:18+00:00] [INFO] [2026-03-09T14:09:16+00:00] update ok created=0 updated=42 scoreOnly=13 settled=0 calls=10 failed=0 blocked=false
[2026-03-09T14:11:21+00:00] [INFO] [2026-03-09T14:11:16+00:00] update ok created=0 updated=42 scoreOnly=13 settled=0 calls=10 failed=0 blocked=false
[2026-03-09T14:13:18+00:00] [INFO] [2026-03-09T14:13:16+00:00] update ok created=0 updated=42 scoreOnly=13 settled=0 calls=10 failed=0 blocked=false
[2026-03-09T14:15:20+00:00] [INFO] [2026-03-09T14:15:16+00:00] update ok created=0 updated=42 scoreOnly=13 settled=0 calls=10 failed=0 blocked=false
[2026-03-09T14:17:19+00:00] [INFO] [2026-03-09T14:17:17+00:00] update ok created=0 updated=42 scoreOnly=13 settled=0 calls=10 failed=0 blocked=false
[2026-03-09T14:19:20+00:00] [INFO] [2026-03-09T14:19:17+00:00] update ok created=0 updated=42 scoreOnly=13 settled=0 calls=10 failed=0 blocked=false
[2026-03-09T14:21:19+00:00] [INFO] [2026-03-09T14:21:17+00:00] update ok created=0 updated=42 scoreOnly=13 settled=0 calls=10 failed=0 blocked=false
[2026-03-09T14:23:20+00:00] [INFO] [2026-03-09T14:23:18+00:00] update ok created=1 updated=42 scoreOnly=13 settled=0 calls=10 failed=0 blocked=false
[2026-03-09T14:25:20+00:00] [INFO] [2026-03-09T14:25:17+00:00] update ok created=4 updated=43 scoreOnly=13 settled=0 calls=10 failed=0 blocked=false
[2026-03-09T14:27:21+00:00] [INFO] [2026-03-09T14:27:18+00:00] update ok created=1 updated=47 scoreOnly=13 settled=0 calls=10 failed=0 blocked=false
[2026-03-09T14:29:21+00:00] [INFO] [2026-03-09T14:29:18+00:00] update ok created=1 updated=48 scoreOnly=13 settled=0 calls=10 failed=0 blocked=false
[2026-03-09T14:31:21+00:00] [INFO] [2026-03-09T14:31:18+00:00] update ok created=3 updated=49 scoreOnly=13 settled=0 calls=10 failed=0 blocked=false
[2026-03-09T14:33:20+00:00] [INFO] [2026-03-09T14:33:18+00:00] update ok created=0 updated=52 scoreOnly=13 settled=0 calls=10 failed=0 blocked=false
[2026-03-09T14:35:21+00:00] [INFO] [2026-03-09T14:35:18+00:00] update ok created=1 updated=52 scoreOnly=13 settled=0 calls=10 failed=0 blocked=false
[2026-03-09T14:37:22+00:00] [INFO] [2026-03-09T14:37:19+00:00] update ok created=0 updated=53 scoreOnly=13 settled=0 calls=10 failed=0 blocked=false
[2026-03-09T14:39:21+00:00] [INFO] [2026-03-09T14:39:19+00:00] update ok created=0 updated=53 scoreOnly=13 settled=0 calls=10 failed=0 blocked=false
[2026-03-09T14:41:23+00:00] [INFO] [2026-03-09T14:41:19+00:00] update ok created=1 updated=53 scoreOnly=13 settled=0 calls=10 failed=0 blocked=false
[2026-03-09T14:43:22+00:00] [INFO] [2026-03-09T14:43:20+00:00] update ok created=0 updated=54 scoreOnly=13 settled=0 calls=10 failed=0 blocked=false
[2026-03-09T17:55:30+00:00] [INFO] PHP odds worker started. interval=2m db=betterdr_local once=false
[2026-03-09T17:55:33+00:00] [INFO] [2026-03-09T17:55:30+00:00] update ok created=3 updated=54 scoreOnly=13 settled=0 calls=10 failed=0 blocked=false
[2026-03-09T17:57:33+00:00] [INFO] [2026-03-09T17:57:31+00:00] update ok created=0 updated=57 scoreOnly=13 settled=0 calls=10 failed=0 blocked=false
[2026-03-09T17:59:33+00:00] [INFO] [2026-03-09T17:59:30+00:00] update ok created=0 updated=57 scoreOnly=13 settled=0 calls=10 failed=0 blocked=false
[2026-03-09T18:01:33+00:00] [INFO] [2026-03-09T18:01:31+00:00] update ok created=0 updated=57 scoreOnly=13 settled=0 calls=10 failed=0 blocked=false
[2026-03-09T18:03:34+00:00] [INFO] [2026-03-09T18:03:31+00:00] update ok created=0 updated=57 scoreOnly=13 settled=0 calls=10 failed=0 blocked=false
[2026-03-09T18:05:34+00:00] [INFO] [2026-03-09T18:05:32+00:00] update ok created=0 updated=57 scoreOnly=13 settled=0 calls=10 failed=0 blocked=false
[2026-03-09T18:07:34+00:00] [INFO] [2026-03-09T18:07:32+00:00] update ok created=0 updated=57 scoreOnly=13 settled=0 calls=10 failed=0 blocked=false
[2026-03-09T18:09:35+00:00] [INFO] [2026-03-09T18:09:32+00:00] update ok created=0 updated=57 scoreOnly=13 settled=0 calls=10 failed=0 blocked=false
[2026-03-09T18:11:35+00:00] [INFO] [2026-03-09T18:11:33+00:00] update ok created=0 updated=57 scoreOnly=13 settled=0 calls=10 failed=0 blocked=false
[2026-03-09T18:13:35+00:00] [INFO] [2026-03-09T18:13:32+00:00] update ok created=0 updated=57 scoreOnly=13 settled=0 calls=10 failed=0 blocked=false
[2026-03-09T18:15:35+00:00] [INFO] [2026-03-09T18:15:32+00:00] update ok created=0 updated=57 scoreOnly=13 settled=0 calls=10 failed=0 blocked=false
[2026-03-09T18:17:34+00:00] [INFO] [2026-03-09T18:17:32+00:00] update ok created=0 updated=57 scoreOnly=13 settled=0 calls=10 failed=0 blocked=false
[2026-03-09T18:19:35+00:00] [INFO] [2026-03-09T18:19:32+00:00] update ok created=0 updated=57 scoreOnly=13 settled=0 calls=10 failed=0 blocked=false
[2026-03-09T18:21:35+00:00] [INFO] [2026-03-09T18:21:32+00:00] update ok created=0 updated=57 scoreOnly=13 settled=0 calls=10 failed=0 blocked=false
[2026-03-09T18:23:34+00:00] [INFO] [2026-03-09T18:23:32+00:00] update ok created=0 updated=57 scoreOnly=13 settled=0 calls=10 failed=0 blocked=false
[2026-03-09T18:25:34+00:00] [INFO] [2026-03-09T18:25:31+00:00] update ok created=0 updated=57 scoreOnly=13 settled=0 calls=10 failed=0 blocked=false
[2026-03-09T18:27:34+00:00] [INFO] [2026-03-09T18:27:32+00:00] update ok created=0 updated=57 scoreOnly=13 settled=0 calls=10 failed=0 blocked=false
[2026-03-09T18:29:34+00:00] [INFO] [2026-03-09T18:29:31+00:00] update ok created=0 updated=57 scoreOnly=13 settled=0 calls=10 failed=0 blocked=false
[2026-03-09T18:31:34+00:00] [INFO] [2026-03-09T18:31:32+00:00] update ok created=0 updated=57 scoreOnly=13 settled=0 calls=10 failed=0 blocked=false
[2026-03-09T18:33:34+00:00] [INFO] [2026-03-09T18:33:31+00:00] update ok created=0 updated=57 scoreOnly=13 settled=0 calls=10 failed=0 blocked=false
[2026-03-09T18:35:33+00:00] [INFO] [2026-03-09T18:35:31+00:00] update ok created=0 updated=57 scoreOnly=13 settled=0 calls=10 failed=0 blocked=false
[2026-03-09T18:37:34+00:00] [INFO] [2026-03-09T18:37:31+00:00] update ok created=0 updated=57 scoreOnly=13 settled=0 calls=10 failed=0 blocked=false
[2026-03-09T18:39:34+00:00] [INFO] [2026-03-09T18:39:32+00:00] update ok created=0 updated=57 scoreOnly=13 settled=0 calls=10 failed=0 blocked=false
[2026-03-09T18:41:34+00:00] [INFO] [2026-03-09T18:41:31+00:00] update ok created=0 updated=57 scoreOnly=13 settled=0 calls=10 failed=0 blocked=false
[2026-03-09T18:43:34+00:00] [INFO] [2026-03-09T18:43:32+00:00] update ok created=0 updated=57 scoreOnly=13 settled=0 calls=10 failed=0 blocked=false
[2026-03-09T18:45:34+00:00] [INFO] [2026-03-09T18:45:31+00:00] update ok created=0 updated=57 scoreOnly=13 settled=0 calls=10 failed=0 blocked=false
[2026-03-09T18:47:34+00:00] [INFO] [2026-03-09T18:47:32+00:00] update ok created=0 updated=57 scoreOnly=13 settled=0 calls=10 failed=0 blocked=false
[2026-03-09T18:49:35+00:00] [INFO] [2026-03-09T18:49:32+00:00] update ok created=0 updated=57 scoreOnly=13 settled=0 calls=10 failed=0 blocked=false
[2026-03-09T18:51:35+00:00] [INFO] [2026-03-09T18:51:33+00:00] update ok created=0 updated=57 scoreOnly=13 settled=0 calls=10 failed=0 blocked=false
[2026-03-09T18:53:35+00:00] [INFO] [2026-03-09T18:53:33+00:00] update ok created=0 updated=57 scoreOnly=13 settled=0 calls=10 failed=0 blocked=false
[2026-03-09T18:55:36+00:00] [INFO] [2026-03-09T18:55:33+00:00] update ok created=0 updated=57 scoreOnly=13 settled=0 calls=10 failed=0 blocked=false
[2026-03-09T18:57:36+00:00] [INFO] [2026-03-09T18:57:34+00:00] update ok created=0 updated=57 scoreOnly=13 settled=0 calls=10 failed=0 blocked=false
[2026-03-09T18:59:36+00:00] [INFO] [2026-03-09T18:59:33+00:00] update ok created=0 updated=57 scoreOnly=13 settled=0 calls=10 failed=0 blocked=false
[2026-03-09T19:01:36+00:00] [INFO] [2026-03-09T19:01:33+00:00] update ok created=0 updated=57 scoreOnly=13 settled=0 calls=10 failed=0 blocked=false
[2026-03-09T19:03:35+00:00] [INFO] [2026-03-09T19:03:33+00:00] update ok created=0 updated=57 scoreOnly=13 settled=0 calls=10 failed=0 blocked=false
[2026-03-09T19:05:36+00:00] [INFO] [2026-03-09T19:05:33+00:00] update ok created=0 updated=57 scoreOnly=13 settled=0 calls=10 failed=0 blocked=false
[2026-03-09T19:07:35+00:00] [INFO] [2026-03-09T19:07:33+00:00] update ok created=0 updated=57 scoreOnly=13 settled=0 calls=10 failed=0 blocked=false
[2026-03-09T19:09:36+00:00] [INFO] [2026-03-09T19:09:33+00:00] update ok created=0 updated=57 scoreOnly=13 settled=0 calls=10 failed=0 blocked=false
[2026-03-09T19:11:36+00:00] [INFO] [2026-03-09T19:11:34+00:00] update ok created=0 updated=57 scoreOnly=13 settled=0 calls=10 failed=0 blocked=false
[2026-03-09T19:13:36+00:00] [INFO] [2026-03-09T19:13:34+00:00] update ok created=0 updated=57 scoreOnly=13 settled=0 calls=10 failed=0 blocked=false
[2026-03-09T19:15:37+00:00] [INFO] [2026-03-09T19:15:35+00:00] update ok created=0 updated=57 scoreOnly=13 settled=0 calls=10 failed=0 blocked=false
[2026-03-09T19:17:37+00:00] [INFO] [2026-03-09T19:17:35+00:00] update ok created=0 updated=57 scoreOnly=13 settled=0 calls=10 failed=0 blocked=false
[2026-03-09T19:19:38+00:00] [INFO] [2026-03-09T19:19:35+00:00] update ok created=0 updated=57 scoreOnly=13 settled=0 calls=10 failed=0 blocked=false
[2026-03-09T19:21:38+00:00] [INFO] [2026-03-09T19:21:36+00:00] update ok created=0 updated=57 scoreOnly=13 settled=0 calls=10 failed=0 blocked=false
[2026-03-09T19:23:38+00:00] [INFO] [2026-03-09T19:23:36+00:00] update ok created=0 updated=57 scoreOnly=13 settled=0 calls=10 failed=0 blocked=false
[2026-03-09T19:25:39+00:00] [INFO] [2026-03-09T19:25:36+00:00] update ok created=0 updated=57 scoreOnly=13 settled=0 calls=10 failed=0 blocked=false
[2026-03-09T19:27:39+00:00] [INFO] [2026-03-09T19:27:37+00:00] update ok created=0 updated=57 scoreOnly=13 settled=0 calls=10 failed=0 blocked=false
[2026-03-09T19:29:40+00:00] [INFO] [2026-03-09T19:29:37+00:00] update ok created=0 updated=57 scoreOnly=13 settled=0 calls=10 failed=0 blocked=false
[2026-03-09T19:31:40+00:00] [INFO] [2026-03-09T19:31:38+00:00] update ok created=0 updated=57 scoreOnly=13 settled=0 calls=10 failed=0 blocked=false
[2026-03-09T19:33:40+00:00] [INFO] [2026-03-09T19:33:38+00:00] update ok created=0 updated=57 scoreOnly=13 settled=0 calls=10 failed=0 blocked=false
[2026-03-09T19:35:41+00:00] [INFO] [2026-03-09T19:35:38+00:00] update ok created=0 updated=57 scoreOnly=13 settled=0 calls=10 failed=0 blocked=false
[2026-03-09T19:37:41+00:00] [INFO] [2026-03-09T19:37:39+00:00] update ok created=0 updated=57 scoreOnly=13 settled=0 calls=10 failed=0 blocked=false
[2026-03-09T19:39:41+00:00] [INFO] [2026-03-09T19:39:38+00:00] update ok created=0 updated=57 scoreOnly=13 settled=0 calls=10 failed=0 blocked=false
[2026-03-09T19:41:41+00:00] [INFO] [2026-03-09T19:41:39+00:00] update ok created=0 updated=57 scoreOnly=13 settled=0 calls=10 failed=0 blocked=false
[2026-03-09T19:43:41+00:00] [INFO] [2026-03-09T19:43:39+00:00] update ok created=0 updated=57 scoreOnly=13 settled=0 calls=10 failed=0 blocked=false
[2026-03-09T19:45:42+00:00] [INFO] [2026-03-09T19:45:39+00:00] update ok created=0 updated=57 scoreOnly=13 settled=0 calls=10 failed=0 blocked=false
[2026-03-09T19:47:42+00:00] [INFO] [2026-03-09T19:47:40+00:00] update ok created=0 updated=57 scoreOnly=13 settled=0 calls=10 failed=0 blocked=false
[2026-03-09T19:49:43+00:00] [INFO] [2026-03-09T19:49:39+00:00] update ok created=0 updated=57 scoreOnly=13 settled=0 calls=10 failed=0 blocked=false
[2026-03-09T19:51:44+00:00] [INFO] [2026-03-09T19:51:39+00:00] update ok created=0 updated=57 scoreOnly=13 settled=0 calls=10 failed=0 blocked=false
[2026-03-09T19:53:42+00:00] [INFO] [2026-03-09T19:53:39+00:00] update ok created=0 updated=57 scoreOnly=13 settled=0 calls=10 failed=0 blocked=false
[2026-03-09T19:55:42+00:00] [INFO] [2026-03-09T19:55:39+00:00] update ok created=0 updated=57 scoreOnly=13 settled=0 calls=10 failed=0 blocked=false
[2026-03-09T19:57:42+00:00] [INFO] [2026-03-09T19:57:39+00:00] update ok created=0 updated=57 scoreOnly=13 settled=0 calls=10 failed=0 blocked=false
[2026-03-09T19:59:41+00:00] [INFO] [2026-03-09T19:59:39+00:00] update ok created=0 updated=57 scoreOnly=13 settled=0 calls=10 failed=0 blocked=false
[2026-03-09T20:01:41+00:00] [INFO] [2026-03-09T20:01:38+00:00] update ok created=0 updated=57 scoreOnly=13 settled=0 calls=10 failed=0 blocked=false
[2026-03-09T20:03:41+00:00] [INFO] [2026-03-09T20:03:39+00:00] update ok created=0 updated=57 scoreOnly=13 settled=0 calls=10 failed=0 blocked=false
[2026-03-09T20:05:42+00:00] [INFO] [2026-03-09T20:05:39+00:00] update ok created=0 updated=57 scoreOnly=13 settled=0 calls=10 failed=0 blocked=false
[2026-03-09T20:07:41+00:00] [INFO] [2026-03-09T20:07:39+00:00] update ok created=0 updated=57 scoreOnly=13 settled=0 calls=10 failed=0 blocked=false
[2026-03-09T20:09:41+00:00] [INFO] [2026-03-09T20:09:39+00:00] update ok created=0 updated=57 scoreOnly=13 settled=0 calls=10 failed=0 blocked=false
[2026-03-09T20:11:42+00:00] [INFO] [2026-03-09T20:11:39+00:00] update ok created=0 updated=57 scoreOnly=13 settled=0 calls=10 failed=0 blocked=false
[2026-03-09T20:13:45+00:00] [INFO] [2026-03-09T20:13:40+00:00] update ok created=0 updated=57 scoreOnly=13 settled=0 calls=10 failed=0 blocked=false
[2026-03-10T06:06:32+00:00] [INFO] [2026-03-10T06:06:29+00:00] update ok created=9 updated=44 scoreOnly=10 settled=0 calls=10 failed=0 blocked=false
[2026-03-10T06:08:31+00:00] [INFO] [2026-03-10T06:08:29+00:00] update ok created=0 updated=53 scoreOnly=10 settled=0 calls=10 failed=0 blocked=false
[2026-03-10T06:10:32+00:00] [INFO] [2026-03-10T06:10:29+00:00] update ok created=0 updated=53 scoreOnly=10 settled=0 calls=10 failed=0 blocked=false
[2026-03-10T06:12:33+00:00] [INFO] [2026-03-10T06:12:30+00:00] update ok created=0 updated=53 scoreOnly=10 settled=0 calls=10 failed=0 blocked=false
[2026-03-10T06:14:33+00:00] [INFO] [2026-03-10T06:14:30+00:00] update ok created=0 updated=53 scoreOnly=10 settled=0 calls=10 failed=0 blocked=false
[2026-03-10T06:16:33+00:00] [INFO] [2026-03-10T06:16:30+00:00] update ok created=0 updated=53 scoreOnly=10 settled=0 calls=10 failed=0 blocked=false
[2026-03-10T06:18:32+00:00] [INFO] [2026-03-10T06:18:30+00:00] update ok created=0 updated=53 scoreOnly=10 settled=0 calls=10 failed=0 blocked=false
[2026-03-10T06:20:32+00:00] [INFO] [2026-03-10T06:20:29+00:00] update ok created=0 updated=53 scoreOnly=10 settled=0 calls=10 failed=0 blocked=false
[2026-03-10T06:22:32+00:00] [INFO] [2026-03-10T06:22:30+00:00] update ok created=0 updated=53 scoreOnly=10 settled=0 calls=10 failed=0 blocked=false
[2026-03-10T06:24:32+00:00] [INFO] [2026-03-10T06:24:29+00:00] update ok created=0 updated=53 scoreOnly=10 settled=0 calls=10 failed=0 blocked=false
[2026-03-10T06:29:34+00:00] [INFO] PHP odds worker started. interval=2m db=betterdr_local once=false
[2026-03-10T06:29:36+00:00] [ERROR] [2026-03-10T06:29:34+00:00] update failed: Odds sync failed: all upstream API requests failed
[2026-03-10T06:31:41+00:00] [ERROR] [2026-03-10T06:31:34+00:00] update failed: Odds sync failed: all upstream API requests failed
[2026-03-10T06:33:37+00:00] [ERROR] [2026-03-10T06:33:35+00:00] update failed: Odds sync failed: all upstream API requests failed
[2026-03-10T06:35:36+00:00] [ERROR] [2026-03-10T06:35:35+00:00] update failed: Odds sync failed: all upstream API requests failed
[2026-03-10T06:37:36+00:00] [ERROR] [2026-03-10T06:37:34+00:00] update failed: Odds sync failed: all upstream API requests failed
[2026-03-10T06:39:36+00:00] [ERROR] [2026-03-10T06:39:34+00:00] update failed: Odds sync failed: all upstream API requests failed
[2026-03-10T06:41:36+00:00] [ERROR] [2026-03-10T06:41:34+00:00] update failed: Odds sync failed: all upstream API requests failed
[2026-03-10T13:37:13+00:00] [INFO] PHP odds worker started. interval=2m db=betterdr_local once=false
[2026-03-10T13:37:15+00:00] [ERROR] [2026-03-10T13:37:13+00:00] update failed: Odds sync failed: all upstream API requests failed
[2026-03-10T13:39:15+00:00] [ERROR] [2026-03-10T13:39:13+00:00] update failed: Odds sync failed: all upstream API requests failed
[2026-03-10T13:41:14+00:00] [ERROR] [2026-03-10T13:41:13+00:00] update failed: Odds sync failed: all upstream API requests failed
[2026-03-10T13:43:14+00:00] [ERROR] [2026-03-10T13:43:12+00:00] update failed: Odds sync failed: all upstream API requests failed
[2026-03-10T13:45:14+00:00] [ERROR] [2026-03-10T13:45:12+00:00] update failed: Odds sync failed: all upstream API requests failed
[2026-03-10T14:41:08+00:00] [ERROR] [2026-03-10T14:41:07+00:00] update failed: Odds sync failed: all upstream API requests failed
[2026-03-10T14:43:08+00:00] [ERROR] [2026-03-10T14:43:06+00:00] update failed: Odds sync failed: all upstream API requests failed
[2026-03-10T14:45:08+00:00] [ERROR] [2026-03-10T14:45:06+00:00] update failed: Odds sync failed: all upstream API requests failed
[2026-03-10T14:47:08+00:00] [ERROR] [2026-03-10T14:47:06+00:00] update failed: Odds sync failed: all upstream API requests failed
[2026-03-10T14:49:07+00:00] [ERROR] [2026-03-10T14:49:06+00:00] update failed: Odds sync failed: all upstream API requests failed
[2026-03-10T14:51:07+00:00] [ERROR] [2026-03-10T14:51:05+00:00] update failed: Odds sync failed: all upstream API requests failed
[2026-03-10T14:53:06+00:00] [ERROR] [2026-03-10T14:53:05+00:00] update failed: Odds sync failed: all upstream API requests failed
[2026-03-10T14:55:06+00:00] [ERROR] [2026-03-10T14:55:04+00:00] update failed: Odds sync failed: all upstream API requests failed
[2026-03-10T14:57:06+00:00] [ERROR] [2026-03-10T14:57:04+00:00] update failed: Odds sync failed: all upstream API requests failed
[2026-03-10T14:59:07+00:00] [ERROR] [2026-03-10T14:59:04+00:00] update failed: Odds sync failed: all upstream API requests failed
[2026-03-10T15:01:06+00:00] [ERROR] [2026-03-10T15:01:04+00:00] update failed: Odds sync failed: all upstream API requests failed
[2026-03-10T15:03:06+00:00] [ERROR] [2026-03-10T15:03:04+00:00] update failed: Odds sync failed: all upstream API requests failed
[2026-03-10T15:05:05+00:00] [ERROR] [2026-03-10T15:05:04+00:00] update failed: Odds sync failed: all upstream API requests failed
[2026-03-10T15:07:05+00:00] [ERROR] [2026-03-10T15:07:03+00:00] update failed: Odds sync failed: all upstream API requests failed
[2026-03-10T15:09:05+00:00] [ERROR] [2026-03-10T15:09:03+00:00] update failed: Odds sync failed: all upstream API requests failed
[2026-03-10T15:11:04+00:00] [ERROR] [2026-03-10T15:11:03+00:00] update failed: Odds sync failed: all upstream API requests failed
[2026-03-10T15:13:04+00:00] [ERROR] [2026-03-10T15:13:02+00:00] update failed: Odds sync failed: all upstream API requests failed
[2026-03-10T15:15:04+00:00] [ERROR] [2026-03-10T15:15:02+00:00] update failed: Odds sync failed: all upstream API requests failed
[2026-03-10T15:17:03+00:00] [ERROR] [2026-03-10T15:17:02+00:00] update failed: Odds sync failed: all upstream API requests failed
[2026-03-10T15:19:03+00:00] [ERROR] [2026-03-10T15:19:01+00:00] update failed: Odds sync failed: all upstream API requests failed
[2026-03-10T15:21:03+00:00] [ERROR] [2026-03-10T15:21:01+00:00] update failed: Odds sync failed: all upstream API requests failed
[2026-03-10T15:23:02+00:00] [ERROR] [2026-03-10T15:23:01+00:00] update failed: Odds sync failed: all upstream API requests failed
[2026-03-10T15:25:02+00:00] [ERROR] [2026-03-10T15:25:00+00:00] update failed: Odds sync failed: all upstream API requests failed
[2026-03-10T15:27:02+00:00] [ERROR] [2026-03-10T15:27:00+00:00] update failed: Odds sync failed: all upstream API requests failed
[2026-03-10T15:29:02+00:00] [ERROR] [2026-03-10T15:29:00+00:00] update failed: Odds sync failed: all upstream API requests failed
[2026-03-10T15:31:01+00:00] [ERROR] [2026-03-10T15:31:00+00:00] update failed: Odds sync failed: all upstream API requests failed
[2026-03-10T15:33:01+00:00] [ERROR] [2026-03-10T15:32:59+00:00] update failed: Odds sync failed: all upstream API requests failed
[2026-03-10T15:35:01+00:00] [ERROR] [2026-03-10T15:34:59+00:00] update failed: Odds sync failed: all upstream API requests failed
[2026-03-10T15:37:01+00:00] [ERROR] [2026-03-10T15:36:59+00:00] update failed: Odds sync failed: all upstream API requests failed
[2026-03-10T15:39:00+00:00] [ERROR] [2026-03-10T15:38:59+00:00] update failed: Odds sync failed: all upstream API requests failed
[2026-03-10T15:41:00+00:00] [ERROR] [2026-03-10T15:40:58+00:00] update failed: Odds sync failed: all upstream API requests failed
[2026-03-10T15:42:59+00:00] [ERROR] [2026-03-10T15:42:58+00:00] update failed: Odds sync failed: all upstream API requests failed
[2026-03-10T15:44:59+00:00] [ERROR] [2026-03-10T15:44:57+00:00] update failed: Odds sync failed: all upstream API requests failed
[2026-03-10T15:47:01+00:00] [ERROR] [2026-03-10T15:46:57+00:00] update failed: Odds sync failed: all upstream API requests failed
[2026-03-10T15:49:04+00:00] [ERROR] [2026-03-10T15:48:58+00:00] update failed: Odds sync failed: all upstream API requests failed
[2026-03-10T15:50:59+00:00] [ERROR] [2026-03-10T15:50:58+00:00] update failed: Odds sync failed: all upstream API requests failed
[2026-03-10T15:52:59+00:00] [ERROR] [2026-03-10T15:52:57+00:00] update failed: Odds sync failed: all upstream API requests failed
[2026-03-10T15:54:59+00:00] [ERROR] [2026-03-10T15:54:57+00:00] update failed: Odds sync failed: all upstream API requests failed
[2026-03-10T15:56:59+00:00] [ERROR] [2026-03-10T15:56:57+00:00] update failed: Odds sync failed: all upstream API requests failed
[2026-03-10T15:58:58+00:00] [ERROR] [2026-03-10T15:58:57+00:00] update failed: Odds sync failed: all upstream API requests failed
[2026-03-10T16:00:58+00:00] [ERROR] [2026-03-10T16:00:56+00:00] update failed: Odds sync failed: all upstream API requests failed
[2026-03-10T16:02:58+00:00] [ERROR] [2026-03-10T16:02:56+00:00] update failed: Odds sync failed: all upstream API requests failed
[2026-03-10T16:04:59+00:00] [ERROR] [2026-03-10T16:04:56+00:00] update failed: Odds sync failed: all upstream API requests failed
[2026-03-10T16:06:58+00:00] [ERROR] [2026-03-10T16:06:56+00:00] update failed: Odds sync failed: all upstream API requests failed
[2026-03-10T16:08:57+00:00] [ERROR] [2026-03-10T16:08:56+00:00] update failed: Odds sync failed: all upstream API requests failed
[2026-03-10T16:10:57+00:00] [ERROR] [2026-03-10T16:10:55+00:00] update failed: Odds sync failed: all upstream API requests failed
[2026-03-10T16:12:56+00:00] [ERROR] [2026-03-10T16:12:55+00:00] update failed: Odds sync failed: all upstream API requests failed
[2026-03-10T16:14:56+00:00] [ERROR] [2026-03-10T16:14:54+00:00] update failed: Odds sync failed: all upstream API requests failed
[2026-03-10T16:16:56+00:00] [ERROR] [2026-03-10T16:16:54+00:00] update failed: Odds sync failed: all upstream API requests failed
[2026-03-10T16:18:56+00:00] [ERROR] [2026-03-10T16:18:54+00:00] update failed: Odds sync failed: all upstream API requests failed
[2026-03-10T16:20:56+00:00] [ERROR] [2026-03-10T16:20:54+00:00] update failed: Odds sync failed: all upstream API requests failed
[2026-03-10T16:22:55+00:00] [ERROR] [2026-03-10T16:22:54+00:00] update failed: Odds sync failed: all upstream API requests failed
[2026-03-10T16:24:55+00:00] [ERROR] [2026-03-10T16:24:53+00:00] update failed: Odds sync failed: all upstream API requests failed
[2026-03-10T16:26:55+00:00] [ERROR] [2026-03-10T16:26:53+00:00] update failed: Odds sync failed: all upstream API requests failed
[2026-03-10T16:28:54+00:00] [ERROR] [2026-03-10T16:28:53+00:00] update failed: Odds sync failed: all upstream API requests failed
[2026-03-10T16:30:54+00:00] [ERROR] [2026-03-10T16:30:52+00:00] update failed: Odds sync failed: all upstream API requests failed
[2026-03-10T16:32:54+00:00] [ERROR] [2026-03-10T16:32:52+00:00] update failed: Odds sync failed: all upstream API requests failed
[2026-03-10T16:34:57+00:00] [ERROR] [2026-03-10T16:34:52+00:00] update failed: Odds sync failed: all upstream API requests failed
[2026-03-10T16:36:54+00:00] [ERROR] [2026-03-10T16:36:52+00:00] update failed: Odds sync failed: all upstream API requests failed
[2026-03-10T16:38:53+00:00] [ERROR] [2026-03-10T16:38:52+00:00] update failed: Odds sync failed: all upstream API requests failed
[2026-03-10T16:40:53+00:00] [ERROR] [2026-03-10T16:40:51+00:00] update failed: Odds sync failed: all upstream API requests failed
[2026-03-10T16:42:53+00:00] [ERROR] [2026-03-10T16:42:51+00:00] update failed: Odds sync failed: all upstream API requests failed
[2026-03-10T16:44:53+00:00] [ERROR] [2026-03-10T16:44:51+00:00] update failed: Odds sync failed: all upstream API requests failed
[2026-03-10T16:46:53+00:00] [ERROR] [2026-03-10T16:46:51+00:00] update failed: Odds sync failed: all upstream API requests failed
[2026-03-10T16:48:52+00:00] [ERROR] [2026-03-10T16:48:51+00:00] update failed: Odds sync failed: all upstream API requests failed
[2026-03-10T16:50:52+00:00] [ERROR] [2026-03-10T16:50:50+00:00] update failed: Odds sync failed: all upstream API requests failed
[2026-03-10T16:52:52+00:00] [ERROR] [2026-03-10T16:52:50+00:00] update failed: Odds sync failed: all upstream API requests failed
[2026-03-10T16:54:51+00:00] [ERROR] [2026-03-10T16:54:50+00:00] update failed: Odds sync failed: all upstream API requests failed
[2026-03-10T16:56:51+00:00] [ERROR] [2026-03-10T16:56:49+00:00] update failed: Odds sync failed: all upstream API requests failed
[2026-03-10T16:58:51+00:00] [ERROR] [2026-03-10T16:58:49+00:00] update failed: Odds sync failed: all upstream API requests failed
[2026-03-10T17:00:50+00:00] [ERROR] [2026-03-10T17:00:49+00:00] update failed: Odds sync failed: all upstream API requests failed
[2026-03-10T17:02:50+00:00] [ERROR] [2026-03-10T17:02:48+00:00] update failed: Odds sync failed: all upstream API requests failed
[2026-03-10T17:04:50+00:00] [ERROR] [2026-03-10T17:04:48+00:00] update failed: Odds sync failed: all upstream API requests failed
[2026-03-10T17:06:50+00:00] [ERROR] [2026-03-10T17:06:48+00:00] update failed: Odds sync failed: all upstream API requests failed
[2026-03-10T17:08:35+00:00] [INFO] PHP odds worker started. interval=2m db=betterdr_local once=false
[2026-03-10T17:08:37+00:00] [ERROR] [2026-03-10T17:08:35+00:00] update failed: Odds sync failed: all upstream API requests failed
[2026-03-10T17:10:37+00:00] [ERROR] [2026-03-10T17:10:35+00:00] update failed: Odds sync failed: all upstream API requests failed
[2026-03-10T17:12:36+00:00] [ERROR] [2026-03-10T17:12:35+00:00] update failed: Odds sync failed: all upstream API requests failed
[2026-03-10T17:14:36+00:00] [ERROR] [2026-03-10T17:14:34+00:00] update failed: Odds sync failed: all upstream API requests failed
[2026-03-10T17:16:35+00:00] [ERROR] [2026-03-10T17:16:34+00:00] update failed: Odds sync failed: all upstream API requests failed
[2026-03-10T17:18:35+00:00] [ERROR] [2026-03-10T17:18:33+00:00] update failed: Odds sync failed: all upstream API requests failed
[2026-03-10T17:20:35+00:00] [ERROR] [2026-03-10T17:20:33+00:00] update failed: Odds sync failed: all upstream API requests failed
[2026-03-10T17:22:35+00:00] [ERROR] [2026-03-10T17:22:33+00:00] update failed: Odds sync failed: all upstream API requests failed
[2026-03-10T17:24:34+00:00] [ERROR] [2026-03-10T17:24:33+00:00] update failed: Odds sync failed: all upstream API requests failed
[2026-03-10T17:26:34+00:00] [ERROR] [2026-03-10T17:26:32+00:00] update failed: Odds sync failed: all upstream API requests failed
[2026-03-10T17:28:34+00:00] [ERROR] [2026-03-10T17:28:32+00:00] update failed: Odds sync failed: all upstream API requests failed
[2026-03-10T17:30:33+00:00] [ERROR] [2026-03-10T17:30:32+00:00] update failed: Odds sync failed: all upstream API requests failed
[2026-03-10T17:32:33+00:00] [ERROR] [2026-03-10T17:32:31+00:00] update failed: Odds sync failed: all upstream API requests failed
[2026-03-10T17:34:33+00:00] [ERROR] [2026-03-10T17:34:31+00:00] update failed: Odds sync failed: all upstream API requests failed
[2026-03-10T17:36:33+00:00] [ERROR] [2026-03-10T17:36:31+00:00] update failed: Odds sync failed: all upstream API requests failed
[2026-03-10T17:38:32+00:00] [ERROR] [2026-03-10T17:38:31+00:00] update failed: Odds sync failed: all upstream API requests failed
[2026-03-10T17:40:32+00:00] [ERROR] [2026-03-10T17:40:30+00:00] update failed: Odds sync failed: all upstream API requests failed
[2026-03-10T17:42:32+00:00] [ERROR] [2026-03-10T17:42:30+00:00] update failed: Odds sync failed: all upstream API requests failed
[2026-03-10T17:44:31+00:00] [ERROR] [2026-03-10T17:44:30+00:00] update failed: Odds sync failed: all upstream API requests failed
[2026-03-10T17:46:31+00:00] [ERROR] [2026-03-10T17:46:29+00:00] update failed: Odds sync failed: all upstream API requests failed
[2026-03-10T17:48:31+00:00] [ERROR] [2026-03-10T17:48:29+00:00] update failed: Odds sync failed: all upstream API requests failed
[2026-03-10T17:50:31+00:00] [ERROR] [2026-03-10T17:50:29+00:00] update failed: Odds sync failed: all upstream API requests failed
